2023-11-02 13:51:08.278 [info] Name: isort
2023-11-02 13:51:08.278 [info] Module: isort
2023-11-02 13:51:08.278 [info] Python extension loading
2023-11-02 13:51:08.278 [info] Waiting for interpreter from python extension.
2023-11-02 13:51:08.278 [info] No interpreter found from setting isort.interpreter
2023-11-02 13:51:08.278 [info] Getting interpreter from ms-python.python extension for workspace /home/sam/Code/Python/DAT565_labs/lab1
2023-11-02 13:51:08.278 [info] Python extension loaded
2023-11-02 13:51:08.278 [info] Interpreter from ms-python.python extension for /home/sam/Code/Python/DAT565_labs/lab1: /bin/python
2023-11-02 13:51:08.278 [info] No interpreter found from setting isort.interpreter
2023-11-02 13:51:08.278 [info] Getting interpreter from ms-python.python extension for workspace /home/sam/Code/Python/DAT565_labs/lab1
2023-11-02 13:51:08.278 [info] Interpreter from ms-python.python extension for /home/sam/Code/Python/DAT565_labs/lab1: /bin/python
2023-11-02 13:51:08.278 [info] Server run command: /bin/python /home/sam/.vscode/extensions/ms-python.isort-2023.10.1/bundled/tool/lsp_server.py
2023-11-02 13:51:08.278 [info] Server: Start requested.
2023-11-02 13:51:09.201 [info] CWD Server: /home/sam/Code/Python/DAT565_labs/lab1
2023-11-02 13:51:09.259 [info] sys.path used to run Server:
   /home/sam/.vscode/extensions/ms-python.isort-2023.10.1/bundled/libs
   /home/sam/.vscode/extensions/ms-python.isort-2023.10.1/bundled/tool
   /usr/lib/python311.zip
   /usr/lib/python3.11
   /usr/lib/python3.11/lib-dynload
   /usr/lib/python3.11/site-packages
2023-11-02 13:51:09.312 [info] Settings used to run Server:
[
    {
        "check": false,
        "cwd": "/home/sam/Code/Python/DAT565_labs/lab1",
        "workspace": "file:///home/sam/Code/Python/DAT565_labs/lab1",
        "args": [],
        "path": [],
        "severity": {
            "W": "Warning",
            "E": "Hint"
        },
        "interpreter": [
            "/bin/python"
        ],
        "importStrategy": "useBundled",
        "showNotifications": "off"
    }
]

2023-11-02 13:51:09.339 [info] Global settings:
{
    "check": false,
    "cwd": "/home/sam",
    "workspace": "/home/sam",
    "args": [],
    "path": [],
    "severity": {
        "W": "Warning",
        "E": "Hint"
    },
    "interpreter": [],
    "importStrategy": "useBundled",
    "showNotifications": "off"
}

2023-11-02 13:51:09.374 [info] /bin/python -m isort --version-number
2023-11-02 13:51:09.419 [info] CWD Linter: /home/sam/Code/Python/DAT565_labs/lab1
2023-11-02 13:51:09.446 [info] Version info for isort running for /home/sam/Code/Python/DAT565_labs/lab1:
5.11.5

2023-11-02 13:51:09.451 [info] SUPPORTED isort>=5.10.1
FOUND isort==5.11.5

2023-11-02 13:51:09.532 [info] [Trace - 1:51:09 PM] Received notification 'textDocument/publishDiagnostics'.
2023-11-02 13:51:09.566 [info] [Trace - 1:51:09 PM] Received notification 'textDocument/publishDiagnostics'.
2023-11-02 13:51:09.605 [info] [Trace - 1:51:09 PM] Received notification 'textDocument/publishDiagnostics'.
2023-11-02 13:51:09.614 [info] [Trace - 1:51:09 PM] Received notification 'textDocument/publishDiagnostics'.
2023-11-02 13:51:09.618 [info] [Trace - 1:51:09 PM] Received notification 'textDocument/publishDiagnostics'.
2023-11-02 13:51:09.644 [info] [Trace - 1:51:09 PM] Sending request 'textDocument/codeAction - (1)'.
2023-11-02 13:51:09.670 [info] [Trace - 1:51:09 PM] Received response 'textDocument/codeAction - (1)' in 27ms.
2023-11-02 13:51:09.744 [info] [Trace - 1:51:09 PM] Sending request 'textDocument/codeAction - (2)'.
2023-11-02 13:51:09.752 [info] [Trace - 1:51:09 PM] Received response 'textDocument/codeAction - (2)' in 8ms.
2023-11-02 13:51:09.804 [info] [Trace - 1:51:09 PM] Sending request 'textDocument/codeAction - (3)'.
2023-11-02 13:51:09.810 [info] [Trace - 1:51:09 PM] Received response 'textDocument/codeAction - (3)' in 6ms.
2023-11-02 13:51:10.097 [info] [Trace - 1:51:10 PM] Sending request 'textDocument/codeAction - (4)'.
2023-11-02 13:51:10.106 [info] [Trace - 1:51:10 PM] Received response 'textDocument/codeAction - (4)' in 9ms.
2023-11-02 13:51:12.010 [info] [Trace - 1:51:12 PM] Sending request 'textDocument/codeAction - (5)'.
2023-11-02 13:51:12.014 [info] [Trace - 1:51:12 PM] Received response 'textDocument/codeAction - (5)' in 3ms.
2023-11-02 13:51:30.443 [info] No interpreter found from setting isort.interpreter
2023-11-02 13:51:30.443 [info] Getting interpreter from ms-python.python extension for workspace /home/sam/Code/Python/DAT565_labs/lab1
2023-11-02 13:51:30.448 [info] Interpreter from ms-python.python extension for /home/sam/Code/Python/DAT565_labs/lab1: /home/sam/.pyenv/versions/3.11.6/bin/python
2023-11-02 13:51:30.449 [info] Server: Stop requested
2023-11-02 13:51:30.449 [info] [Trace - 1:51:30 PM] Sending request 'shutdown - (6)'.
2023-11-02 13:51:30.457 [info] [Trace - 1:51:30 PM] Received response 'shutdown - (6)' in 9ms.
2023-11-02 13:51:30.457 [info] [Trace - 1:51:30 PM] Sending notification 'exit'.
2023-11-02 13:51:30.460 [info] No interpreter found from setting isort.interpreter
2023-11-02 13:51:30.460 [info] Getting interpreter from ms-python.python extension for workspace /home/sam/Code/Python/DAT565_labs/lab1
2023-11-02 13:51:30.461 [info] Interpreter from ms-python.python extension for /home/sam/Code/Python/DAT565_labs/lab1: /home/sam/.pyenv/versions/3.11.6/bin/python
2023-11-02 13:51:30.466 [info] Server run command: /home/sam/.pyenv/versions/3.11.6/bin/python /home/sam/.vscode/extensions/ms-python.isort-2023.10.1/bundled/tool/lsp_server.py
2023-11-02 13:51:30.466 [info] Server: Start requested.
2023-11-02 13:51:31.217 [info] CWD Server: /home/sam/Code/Python/DAT565_labs/lab1
2023-11-02 13:51:31.217 [info] sys.path used to run Server:
   /home/sam/.vscode/extensions/ms-python.isort-2023.10.1/bundled/libs
   /home/sam/.vscode/extensions/ms-python.isort-2023.10.1/bundled/tool
   /home/sam/.pyenv/versions/3.11.6/lib/python311.zip
   /home/sam/.pyenv/versions/3.11.6/lib/python3.11
   /home/sam/.pyenv/versions/3.11.6/lib/python3.11/lib-dynload
   /home/sam/.pyenv/versions/3.11.6/lib/python3.11/site-packages
2023-11-02 13:51:31.217 [info] Settings used to run Server:
[
    {
        "check": false,
        "cwd": "/home/sam/Code/Python/DAT565_labs/lab1",
        "workspace": "file:///home/sam/Code/Python/DAT565_labs/lab1",
        "args": [],
        "path": [],
        "severity": {
            "W": "Warning",
            "E": "Hint"
        },
        "interpreter": [
            "/home/sam/.pyenv/versions/3.11.6/bin/python"
        ],
        "importStrategy": "useBundled",
        "showNotifications": "off"
    }
]

2023-11-02 13:51:31.217 [info] Global settings:
{
    "check": false,
    "cwd": "/home/sam",
    "workspace": "/home/sam",
    "args": [],
    "path": [],
    "severity": {
        "W": "Warning",
        "E": "Hint"
    },
    "interpreter": [],
    "importStrategy": "useBundled",
    "showNotifications": "off"
}

2023-11-02 13:51:31.222 [info] /home/sam/.pyenv/versions/3.11.6/bin/python -m isort --version-number
2023-11-02 13:51:31.222 [info] CWD Linter: /home/sam/Code/Python/DAT565_labs/lab1
2023-11-02 13:51:31.225 [info] Version info for isort running for /home/sam/Code/Python/DAT565_labs/lab1:
5.11.5

2023-11-02 13:51:31.225 [info] SUPPORTED isort>=5.10.1
FOUND isort==5.11.5

2023-11-02 13:51:31.239 [info] [Trace - 1:51:31 PM] Sending request 'textDocument/codeAction - (1)'.
2023-11-02 13:51:31.241 [info] [Trace - 1:51:31 PM] Received notification 'textDocument/publishDiagnostics'.
2023-11-02 13:51:31.242 [info] [Trace - 1:51:31 PM] Received notification 'textDocument/publishDiagnostics'.
2023-11-02 13:51:31.242 [info] [Trace - 1:51:31 PM] Received notification 'textDocument/publishDiagnostics'.
2023-11-02 13:51:31.242 [info] [Trace - 1:51:31 PM] Received notification 'textDocument/publishDiagnostics'.
2023-11-02 13:51:31.243 [info] [Trace - 1:51:31 PM] Received notification 'textDocument/publishDiagnostics'.
2023-11-02 13:51:31.253 [info] [Trace - 1:51:31 PM] Received response 'textDocument/codeAction - (1)' in 14ms.
2023-11-02 13:51:32.261 [info] [Trace - 1:51:32 PM] Sending request 'textDocument/codeAction - (2)'.
2023-11-02 13:51:32.267 [info] [Trace - 1:51:32 PM] Received response 'textDocument/codeAction - (2)' in 6ms.
2023-11-02 13:52:27.970 [info] [Trace - 1:52:27 PM] Sending notification 'textDocument/didClose'.
2023-11-02 13:52:27.975 [info] [Trace - 1:52:27 PM] Received notification 'textDocument/publishDiagnostics'.
2023-11-02 13:52:36.597 [info] [Trace - 1:52:36 PM] Sending notification 'textDocument/didClose'.
2023-11-02 13:52:36.601 [info] [Trace - 1:52:36 PM] Received notification 'textDocument/publishDiagnostics'.
2023-11-02 13:52:37.916 [info] [Trace - 1:52:37 PM] Sending notification 'textDocument/didClose'.
2023-11-02 13:52:37.918 [info] [Trace - 1:52:37 PM] Received notification 'textDocument/publishDiagnostics'.
2023-11-02 13:52:39.210 [info] [Trace - 1:52:39 PM] Sending notification 'textDocument/didChange'.
2023-11-02 13:52:39.334 [info] [Trace - 1:52:39 PM] Sending notification 'textDocument/didChange'.
2023-11-02 13:52:39.398 [info] [Trace - 1:52:39 PM] Sending notification 'textDocument/didChange'.
2023-11-02 13:52:39.550 [info] [Trace - 1:52:39 PM] Sending notification 'textDocument/didChange'.
2023-11-02 13:52:39.631 [info] [Trace - 1:52:39 PM] Sending notification 'textDocument/didChange'.
2023-11-02 13:52:39.868 [info] [Trace - 1:52:39 PM] Sending notification 'textDocument/didChange'.
2023-11-02 13:52:40.123 [info] [Trace - 1:52:40 PM] Sending request 'textDocument/codeAction - (3)'.
2023-11-02 13:52:40.129 [info] [Trace - 1:52:40 PM] Received response 'textDocument/codeAction - (3)' in 6ms.
2023-11-02 13:52:40.292 [info] [Trace - 1:52:40 PM] Sending notification 'textDocument/didChange'.
2023-11-02 13:52:40.547 [info] [Trace - 1:52:40 PM] Sending request 'textDocument/codeAction - (4)'.
2023-11-02 13:52:40.552 [info] [Trace - 1:52:40 PM] Received response 'textDocument/codeAction - (4)' in 5ms.
2023-11-02 13:52:40.718 [info] [Trace - 1:52:40 PM] Sending notification 'textDocument/didChange'.
2023-11-02 13:52:40.832 [info] [Trace - 1:52:40 PM] Sending notification 'textDocument/didChange'.
2023-11-02 13:52:40.927 [info] [Trace - 1:52:40 PM] Sending notification 'textDocument/didChange'.
2023-11-02 13:52:41.088 [info] [Trace - 1:52:41 PM] Sending notification 'textDocument/didChange'.
2023-11-02 13:52:41.184 [info] [Trace - 1:52:41 PM] Sending notification 'textDocument/didChange'.
2023-11-02 13:52:41.439 [info] [Trace - 1:52:41 PM] Sending request 'textDocument/codeAction - (5)'.
2023-11-02 13:52:41.444 [info] [Trace - 1:52:41 PM] Received response 'textDocument/codeAction - (5)' in 5ms.
2023-11-02 13:52:41.612 [info] [Trace - 1:52:41 PM] Sending notification 'textDocument/didChange'.
2023-11-02 13:52:41.757 [info] [Trace - 1:52:41 PM] Sending notification 'textDocument/didChange'.
2023-11-02 13:52:41.825 [info] [Trace - 1:52:41 PM] Sending notification 'textDocument/didChange'.
2023-11-02 13:52:41.954 [info] [Trace - 1:52:41 PM] Sending notification 'textDocument/didChange'.
2023-11-02 13:52:42.037 [info] [Trace - 1:52:42 PM] Sending notification 'textDocument/didChange'.
2023-11-02 13:52:42.175 [info] [Trace - 1:52:42 PM] Sending notification 'textDocument/didChange'.
2023-11-02 13:52:42.209 [info] [Trace - 1:52:42 PM] Sending notification 'textDocument/didChange'.
2023-11-02 13:52:42.378 [info] [Trace - 1:52:42 PM] Sending notification 'textDocument/didChange'.
2023-11-02 13:52:42.865 [info] [Trace - 1:52:42 PM] Sending request 'textDocument/codeAction - (6)'.
2023-11-02 13:52:42.869 [info] [Trace - 1:52:42 PM] Received response 'textDocument/codeAction - (6)' in 4ms.
2023-11-02 13:52:45.974 [info] [Trace - 1:52:45 PM] Sending request 'textDocument/codeAction - (7)'.
2023-11-02 13:52:45.980 [info] [Trace - 1:52:45 PM] Received response 'textDocument/codeAction - (7)' in 6ms.
2023-11-02 13:52:46.388 [info] [Trace - 1:52:46 PM] Sending notification 'textDocument/didChange'.
2023-11-02 13:52:47.251 [info] [Trace - 1:52:47 PM] Sending notification 'textDocument/didChange'.
2023-11-02 13:52:47.506 [info] [Trace - 1:52:47 PM] Sending request 'textDocument/codeAction - (8)'.
2023-11-02 13:52:47.510 [info] [Trace - 1:52:47 PM] Received response 'textDocument/codeAction - (8)' in 4ms.
2023-11-02 13:52:47.656 [info] [Trace - 1:52:47 PM] Sending notification 'textDocument/didChange'.
2023-11-02 13:52:48.026 [info] [Trace - 1:52:48 PM] Sending notification 'textDocument/didChange'.
2023-11-02 13:52:48.154 [info] [Trace - 1:52:48 PM] Sending notification 'textDocument/didChange'.
2023-11-02 13:52:48.353 [info] [Trace - 1:52:48 PM] Sending notification 'textDocument/didChange'.
2023-11-02 13:52:48.493 [info] [Trace - 1:52:48 PM] Sending notification 'textDocument/didChange'.
2023-11-02 13:52:48.558 [info] [Trace - 1:52:48 PM] Sending notification 'textDocument/didChange'.
2023-11-02 13:52:48.775 [info] [Trace - 1:52:48 PM] Sending notification 'textDocument/didChange'.
2023-11-02 13:52:48.793 [info] [Trace - 1:52:48 PM] Sending notification 'textDocument/didChange'.
2023-11-02 13:52:48.900 [info] [Trace - 1:52:48 PM] Sending notification 'textDocument/didChange'.
2023-11-02 13:52:49.245 [info] [Trace - 1:52:49 PM] Sending notification 'textDocument/didChange'.
2023-11-02 13:52:49.329 [info] [Trace - 1:52:49 PM] Sending notification 'textDocument/didChange'.
2023-11-02 13:52:49.583 [info] [Trace - 1:52:49 PM] Sending request 'textDocument/codeAction - (9)'.
2023-11-02 13:52:49.587 [info] [Trace - 1:52:49 PM] Received response 'textDocument/codeAction - (9)' in 4ms.
2023-11-02 13:52:49.793 [info] [Trace - 1:52:49 PM] Sending notification 'textDocument/didChange'.
2023-11-02 13:52:49.893 [info] [Trace - 1:52:49 PM] Sending notification 'textDocument/didChange'.
2023-11-02 13:52:50.148 [info] [Trace - 1:52:50 PM] Sending request 'textDocument/codeAction - (10)'.
2023-11-02 13:52:50.152 [info] [Trace - 1:52:50 PM] Received response 'textDocument/codeAction - (10)' in 4ms.
2023-11-02 13:52:50.565 [info] [Trace - 1:52:50 PM] Sending request 'textDocument/codeAction - (11)'.
2023-11-02 13:52:50.568 [info] [Trace - 1:52:50 PM] Received response 'textDocument/codeAction - (11)' in 3ms.
2023-11-02 13:52:54.239 [info] [Trace - 1:52:54 PM] Sending request 'textDocument/codeAction - (12)'.
2023-11-02 13:52:54.244 [info] [Trace - 1:52:54 PM] Received response 'textDocument/codeAction - (12)' in 5ms.
2023-11-02 13:52:54.937 [info] [Trace - 1:52:54 PM] Sending request 'textDocument/codeAction - (13)'.
2023-11-02 13:52:54.942 [info] [Trace - 1:52:54 PM] Received response 'textDocument/codeAction - (13)' in 5ms.
2023-11-02 13:52:55.169 [info] [Trace - 1:52:55 PM] Sending notification 'textDocument/didChange'.
2023-11-02 13:52:55.265 [info] [Trace - 1:52:55 PM] Sending notification 'textDocument/didChange'.
2023-11-02 13:52:55.344 [info] [Trace - 1:52:55 PM] Sending notification 'textDocument/didChange'.
2023-11-02 13:52:55.445 [info] [Trace - 1:52:55 PM] Sending notification 'textDocument/didChange'.
2023-11-02 13:52:55.630 [info] [Trace - 1:52:55 PM] Sending notification 'textDocument/didChange'.
2023-11-02 13:52:55.678 [info] [Trace - 1:52:55 PM] Sending notification 'textDocument/didChange'.
2023-11-02 13:52:55.932 [info] [Trace - 1:52:55 PM] Sending request 'textDocument/codeAction - (14)'.
2023-11-02 13:52:55.936 [info] [Trace - 1:52:55 PM] Received response 'textDocument/codeAction - (14)' in 4ms.
2023-11-02 13:52:56.195 [info] [Trace - 1:52:56 PM] Sending request 'textDocument/codeAction - (15)'.
2023-11-02 13:52:56.200 [info] [Trace - 1:52:56 PM] Received response 'textDocument/codeAction - (15)' in 5ms.
2023-11-02 13:52:56.740 [info] [Trace - 1:52:56 PM] Sending request 'textDocument/codeAction - (16)'.
2023-11-02 13:52:56.745 [info] [Trace - 1:52:56 PM] Received response 'textDocument/codeAction - (16)' in 6ms.
2023-11-02 13:52:56.843 [info] [Trace - 1:52:56 PM] Sending notification 'textDocument/didChange'.
2023-11-02 13:52:57.406 [info] [Trace - 1:52:57 PM] Sending notification 'textDocument/didChange'.
2023-11-02 13:52:57.620 [info] [Trace - 1:52:57 PM] Sending notification 'textDocument/didChange'.
2023-11-02 13:52:57.857 [info] [Trace - 1:52:57 PM] Sending notification 'textDocument/didChange'.
2023-11-02 13:52:57.995 [info] [Trace - 1:52:57 PM] Sending notification 'textDocument/didChange'.
2023-11-02 13:52:58.073 [info] [Trace - 1:52:58 PM] Sending notification 'textDocument/didChange'.
2023-11-02 13:52:58.204 [info] [Trace - 1:52:58 PM] Sending notification 'textDocument/didChange'.
2023-11-02 13:52:58.254 [info] [Trace - 1:52:58 PM] Sending notification 'textDocument/didChange'.
2023-11-02 13:52:58.344 [info] [Trace - 1:52:58 PM] Sending notification 'textDocument/didChange'.
2023-11-02 13:52:58.439 [info] [Trace - 1:52:58 PM] Sending notification 'textDocument/didChange'.
2023-11-02 13:52:58.567 [info] [Trace - 1:52:58 PM] Sending notification 'textDocument/didChange'.
2023-11-02 13:52:58.721 [info] [Trace - 1:52:58 PM] Sending notification 'textDocument/didChange'.
2023-11-02 13:52:58.806 [info] [Trace - 1:52:58 PM] Sending notification 'textDocument/didChange'.
2023-11-02 13:52:58.883 [info] [Trace - 1:52:58 PM] Sending notification 'textDocument/didChange'.
2023-11-02 13:52:58.979 [info] [Trace - 1:52:58 PM] Sending notification 'textDocument/didChange'.
2023-11-02 13:52:59.098 [info] [Trace - 1:52:59 PM] Sending notification 'textDocument/didChange'.
2023-11-02 13:52:59.191 [info] [Trace - 1:52:59 PM] Sending notification 'textDocument/didChange'.
2023-11-02 13:52:59.275 [info] [Trace - 1:52:59 PM] Sending notification 'textDocument/didChange'.
2023-11-02 13:52:59.443 [info] [Trace - 1:52:59 PM] Sending notification 'textDocument/didChange'.
2023-11-02 13:52:59.601 [info] [Trace - 1:52:59 PM] Sending notification 'textDocument/didChange'.
2023-11-02 13:52:59.855 [info] [Trace - 1:52:59 PM] Sending request 'textDocument/codeAction - (17)'.
2023-11-02 13:52:59.860 [info] [Trace - 1:52:59 PM] Received response 'textDocument/codeAction - (17)' in 5ms.
2023-11-02 13:53:00.150 [info] [Trace - 1:53:00 PM] Sending request 'textDocument/codeAction - (18)'.
2023-11-02 13:53:00.153 [info] [Trace - 1:53:00 PM] Received response 'textDocument/codeAction - (18)' in 3ms.
2023-11-02 13:53:08.996 [info] [Trace - 1:53:08 PM] Sending request 'textDocument/codeAction - (19)'.
2023-11-02 13:53:09.003 [info] [Trace - 1:53:09 PM] Received response 'textDocument/codeAction - (19)' in 7ms.
2023-11-02 13:53:09.246 [info] [Trace - 1:53:09 PM] Sending request 'textDocument/codeAction - (20)'.
2023-11-02 13:53:09.248 [info] [Trace - 1:53:09 PM] Received response 'textDocument/codeAction - (20)' in 2ms.
2023-11-02 13:53:17.581 [info] [Trace - 1:53:17 PM] Sending request 'textDocument/codeAction - (21)'.
2023-11-02 13:53:17.587 [info] [Trace - 1:53:17 PM] Received response 'textDocument/codeAction - (21)' in 6ms.
2023-11-02 13:53:17.746 [info] [Trace - 1:53:17 PM] Sending notification 'textDocument/didChange'.
2023-11-02 13:53:18.415 [info] [Trace - 1:53:18 PM] Sending notification 'textDocument/didChange'.
2023-11-02 13:53:18.618 [info] [Trace - 1:53:18 PM] Sending notification 'textDocument/didChange'.
2023-11-02 13:53:18.838 [info] [Trace - 1:53:18 PM] Sending notification 'textDocument/didChange'.
2023-11-02 13:53:18.991 [info] [Trace - 1:53:18 PM] Sending notification 'textDocument/didChange'.
2023-11-02 13:53:19.063 [info] [Trace - 1:53:19 PM] Sending notification 'textDocument/didChange'.
2023-11-02 13:53:19.189 [info] [Trace - 1:53:19 PM] Sending notification 'textDocument/didChange'.
2023-11-02 13:53:19.247 [info] [Trace - 1:53:19 PM] Sending notification 'textDocument/didChange'.
2023-11-02 13:53:20.261 [info] [Trace - 1:53:20 PM] Sending notification 'textDocument/didChange'.
2023-11-02 13:53:20.341 [info] [Trace - 1:53:20 PM] Sending notification 'textDocument/didChange'.
2023-11-02 13:53:20.422 [info] [Trace - 1:53:20 PM] Sending notification 'textDocument/didChange'.
2023-11-02 13:53:20.537 [info] [Trace - 1:53:20 PM] Sending notification 'textDocument/didChange'.
2023-11-02 13:53:20.698 [info] [Trace - 1:53:20 PM] Sending notification 'textDocument/didChange'.
2023-11-02 13:53:21.157 [info] [Trace - 1:53:21 PM] Sending notification 'textDocument/didChange'.
2023-11-02 13:53:21.289 [info] [Trace - 1:53:21 PM] Sending notification 'textDocument/didChange'.
2023-11-02 13:53:21.478 [info] [Trace - 1:53:21 PM] Sending notification 'textDocument/didChange'.
2023-11-02 13:53:21.580 [info] [Trace - 1:53:21 PM] Sending notification 'textDocument/didChange'.
2023-11-02 13:53:21.835 [info] [Trace - 1:53:21 PM] Sending request 'textDocument/codeAction - (22)'.
2023-11-02 13:53:21.839 [info] [Trace - 1:53:21 PM] Received response 'textDocument/codeAction - (22)' in 4ms.
2023-11-02 13:53:22.052 [info] [Trace - 1:53:22 PM] Sending notification 'textDocument/didChange'.
2023-11-02 13:53:22.351 [info] [Trace - 1:53:22 PM] Sending request 'textDocument/codeAction - (23)'.
2023-11-02 13:53:22.353 [info] [Trace - 1:53:22 PM] Received response 'textDocument/codeAction - (23)' in 2ms.
2023-11-02 13:53:22.575 [info] [Trace - 1:53:22 PM] Sending notification 'textDocument/didChange'.
2023-11-02 13:53:22.708 [info] [Trace - 1:53:22 PM] Sending notification 'textDocument/didChange'.
2023-11-02 13:53:22.775 [info] [Trace - 1:53:22 PM] Sending notification 'textDocument/didChange'.
2023-11-02 13:53:22.840 [info] [Trace - 1:53:22 PM] Sending notification 'textDocument/didChange'.
2023-11-02 13:53:22.969 [info] [Trace - 1:53:22 PM] Sending notification 'textDocument/didChange'.
2023-11-02 13:53:23.129 [info] [Trace - 1:53:23 PM] Sending notification 'textDocument/didChange'.
2023-11-02 13:53:23.182 [info] [Trace - 1:53:23 PM] Sending notification 'textDocument/didChange'.
2023-11-02 13:53:23.436 [info] [Trace - 1:53:23 PM] Sending request 'textDocument/codeAction - (24)'.
2023-11-02 13:53:23.440 [info] [Trace - 1:53:23 PM] Received response 'textDocument/codeAction - (24)' in 4ms.
2023-11-02 13:53:23.696 [info] [Trace - 1:53:23 PM] Sending request 'textDocument/codeAction - (25)'.
2023-11-02 13:53:23.702 [info] [Trace - 1:53:23 PM] Received response 'textDocument/codeAction - (25)' in 6ms.
2023-11-02 13:53:24.190 [info] [Trace - 1:53:24 PM] Sending request 'textDocument/codeAction - (26)'.
2023-11-02 13:53:24.194 [info] [Trace - 1:53:24 PM] Received response 'textDocument/codeAction - (26)' in 4ms.
2023-11-02 13:53:45.524 [info] [Trace - 1:53:45 PM] Sending request 'textDocument/codeAction - (27)'.
2023-11-02 13:53:45.527 [info] [Trace - 1:53:45 PM] Received response 'textDocument/codeAction - (27)' in 3ms.
2023-11-02 13:55:18.826 [info] [Trace - 1:55:18 PM] Sending request 'shutdown - (28)'.
2023-11-02 13:55:18.860 [info] [Trace - 1:55:18 PM] Received response 'shutdown - (28)' in 57ms.
2023-11-02 13:55:18.860 [info] [Trace - 1:55:18 PM] Sending notification 'exit'.
