Visual Studio Code (1.83.1, undefined, desktop)
Jupyter Extension Version: 2023.10.1003070148.
Python Extension Version: 2023.20.0.
Platform: linux (x64).
Workspace folder ~/Code/Python/DAT565_labs/lab1, Home = /home/sam
13:51:07.416 [info] Start refreshing Kernel Picker (1698929467416)
13:51:07.427 [info] Using Pylance
13:51:07.956 [info] Start refreshing Interpreter Kernel Picker
13:51:08.203 [info] Starting Kernel startUsingPythonInterpreter, .jvsc74a57bd0e7370f93d1d0cde622a1f8e1c04877d8463912d04d973331ad4851f04de6915a./bin/python./bin/python.-m#ipykernel_launcher  (Python Path: /bin/python, Unknown, 3.11.5) for '~/Code/Python/DAT565_labs/lab1/main.ipynb' (disableUI=true)
13:51:09.103 [warn] Failed to get activated env vars for /bin/python in 1516ms
13:51:09.107 [warn] Failed to get activated env vars for /bin/python in 855ms
13:51:09.185 [info] Process Execution: /bin/python -c "import site;print("USER_BASE_VALUE");print(site.USER_BASE);print("USER_BASE_VALUE");"
13:51:09.271 [info] Process Execution: /bin/python -m pip list
13:51:09.281 [info] Process Execution: /bin/python -c "import ipykernel; print(ipykernel.__version__); print("5dc3a68c-e34e-4080-9c3e-2a532b2ccb4d"); print(ipykernel.__file__)"
13:51:09.291 [info] Process Execution: /bin/python -m ipykernel_launcher --ip=127.0.0.1 --stdin=9003 --control=9001 --hb=9000 --Session.signature_scheme="hmac-sha256" --Session.key=b"a226e7f4-f86d-4e2f-9947-17b97e8e1bf0" --shell=9002 --transport="tcp" --iopub=9004 --f=~/.local/share/jupyter/runtime/kernel-v2-3652yd5zKbXGtUOQ.json
    > cwd: ~/Code/Python/DAT565_labs/lab1
13:51:09.312 [warn] Stderr output when getting ipykernel version & path Traceback (most recent call last):
    File "<string>", line 1, in <module>
    ModuleNotFoundError: No module named 'ipykernel' for /bin/python
13:51:09.335 [warn] StdErr from Kernel Process /bin/python: No module named ipykernel_launcher
13:51:09.336 [error] Disposing kernel process due to an error Error: The kernel died. Error: /bin/python: No module named ipykernel_launcher... View Jupyter [log](command:jupyter.viewOutput) for further details.
    > Kernel Id = .jvsc74a57bd0e7370f93d1d0cde622a1f8e1c04877d8463912d04d973331ad4851f04de6915a./bin/python./bin/python.-m#ipykernel_launcher
    > Interpreter Id = /bin/python
    > at ChildProcess.<anonymous> (~/.vscode/extensions/ms-toolsai.jupyter-2023.10.1003070148-linux-x64/out/extension.node.js:24:86245)
    > stdErr = /bin/python: No module named ipykernel_launcher
    > vslsStack = ChildProcess.<anonymous> (~/.vscode/extensions/ms-toolsai.jupyter-2023.10.1003070148-linux-x64/out/extension.node.js:24:86245),ChildProcess.emit (node:events:525:35),ChildProcess._handle.onexit (node:internal/child_process:291:12)
13:51:09.336 [info] Dispose Kernel process 3817.
13:51:09.337 [error] Kernel Launcher. launch, Class name = Fv, completed in 1090ms, has a falsy return value, Arg 1: ".jvsc74a57bd0e7370f93d1d0cde622a1f8e1c04877d8463912d04d973331ad4851f04de6915a./bin/python./bin/python.-m#ipykernel_launcher", Arg 2: 60000, Arg 3: "~/Code/Python/DAT565_labs/lab1/main.ipynb", Arg 4: "~/Code/Python/DAT565_labs/lab1", Arg 5: "" Error: The kernel died. Error: /bin/python: No module named ipykernel_launcher... View Jupyter [log](command:jupyter.viewOutput) for further details.
    > Kernel Id = .jvsc74a57bd0e7370f93d1d0cde622a1f8e1c04877d8463912d04d973331ad4851f04de6915a./bin/python./bin/python.-m#ipykernel_launcher
    > Interpreter Id = /bin/python
    > at ChildProcess.<anonymous> (~/.vscode/extensions/ms-toolsai.jupyter-2023.10.1003070148-linux-x64/out/extension.node.js:24:86245)
    > stdErr = /bin/python: No module named ipykernel_launcher
    > vslsStack = ChildProcess.<anonymous> (~/.vscode/extensions/ms-toolsai.jupyter-2023.10.1003070148-linux-x64/out/extension.node.js:24:86245),ChildProcess.emit (node:events:525:35),ChildProcess._handle.onexit (node:internal/child_process:291:12)
13:51:09.338 [error] Failed to connect raw kernel session: Error: The kernel died. Error: /bin/python: No module named ipykernel_launcher... View Jupyter [log](command:jupyter.viewOutput) for further details.
13:51:09.338 [error] Failed to connect raw kernel session: Error: The kernel died. Error: /bin/python: No module named ipykernel_launcher... View Jupyter [log](command:jupyter.viewOutput) for further details.
13:51:09.339 [warn] Error occurred while trying to start the kernel, options.disableUI=true Error: The kernel died. Error: /bin/python: No module named ipykernel_launcher... View Jupyter [log](command:jupyter.viewOutput) for further details.
    > Kernel Id = .jvsc74a57bd0e7370f93d1d0cde622a1f8e1c04877d8463912d04d973331ad4851f04de6915a./bin/python./bin/python.-m#ipykernel_launcher
    > Interpreter Id = /bin/python
    > at ChildProcess.<anonymous> (~/.vscode/extensions/ms-toolsai.jupyter-2023.10.1003070148-linux-x64/out/extension.node.js:24:86245)
    > stdErr = /bin/python: No module named ipykernel_launcher
    > vslsStack = ChildProcess.<anonymous> (~/.vscode/extensions/ms-toolsai.jupyter-2023.10.1003070148-linux-x64/out/extension.node.js:24:86245),ChildProcess.emit (node:events:525:35),ChildProcess._handle.onexit (node:internal/child_process:291:12)
13:51:09.350 [info] Process Execution: /bin/python -c "import pip;print('6af208d0-cb9c-427f-b937-ff563e17efdf')"
13:51:09.618 [info] Handle Execution of Cells 0 for ~/Code/Python/DAT565_labs/lab1/main.ipynb
13:51:09.620 [info] Starting Kernel startUsingPythonInterpreter, .jvsc74a57bd0e7370f93d1d0cde622a1f8e1c04877d8463912d04d973331ad4851f04de6915a./bin/python./bin/python.-m#ipykernel_launcher  (Python Path: /bin/python, Unknown, 3.11.5) for '~/Code/Python/DAT565_labs/lab1/main.ipynb' (disableUI=false)
13:51:09.633 [info] Process Execution: /bin/python -c "import ipykernel; print(ipykernel.__version__); print("5dc3a68c-e34e-4080-9c3e-2a532b2ccb4d"); print(ipykernel.__file__)"
13:51:09.666 [warn] Stderr output when getting ipykernel version & path Traceback (most recent call last):
    File "<string>", line 1, in <module>
    ModuleNotFoundError: No module named 'ipykernel' for /bin/python
13:51:09.701 [info] Process Execution: /bin/python -m ipykernel_launcher --ip=127.0.0.1 --stdin=9011 --control=9009 --hb=9008 --Session.signature_scheme="hmac-sha256" --Session.key=b"3876ad04-c34b-4098-8970-1d5bad897a4c" --shell=9010 --transport="tcp" --iopub=9012 --f=~/.local/share/jupyter/runtime/kernel-v2-36522Nc6iku3ZBVZ.json
    > cwd: ~/Code/Python/DAT565_labs/lab1
13:51:09.723 [warn] StdErr from Kernel Process /bin/python: No module named ipykernel_launcher
13:51:09.727 [error] Disposing kernel process due to an error Error: The kernel died. Error: /bin/python: No module named ipykernel_launcher... View Jupyter [log](command:jupyter.viewOutput) for further details.
    > Kernel Id = .jvsc74a57bd0e7370f93d1d0cde622a1f8e1c04877d8463912d04d973331ad4851f04de6915a./bin/python./bin/python.-m#ipykernel_launcher
    > Interpreter Id = /bin/python
    > at ChildProcess.<anonymous> (~/.vscode/extensions/ms-toolsai.jupyter-2023.10.1003070148-linux-x64/out/extension.node.js:24:86245)
    > stdErr = /bin/python: No module named ipykernel_launcher
    > vslsStack = ChildProcess.<anonymous> (~/.vscode/extensions/ms-toolsai.jupyter-2023.10.1003070148-linux-x64/out/extension.node.js:24:86245),ChildProcess.emit (node:events:525:35),ChildProcess._handle.onexit (node:internal/child_process:291:12)
13:51:09.727 [info] Dispose Kernel process 3845.
13:51:09.728 [error] Kernel Launcher. launch, Class name = Fv, completed in 106ms, has a falsy return value, Arg 1: ".jvsc74a57bd0e7370f93d1d0cde622a1f8e1c04877d8463912d04d973331ad4851f04de6915a./bin/python./bin/python.-m#ipykernel_launcher", Arg 2: 60000, Arg 3: "~/Code/Python/DAT565_labs/lab1/main.ipynb", Arg 4: "~/Code/Python/DAT565_labs/lab1", Arg 5: "" Error: The kernel died. Error: /bin/python: No module named ipykernel_launcher... View Jupyter [log](command:jupyter.viewOutput) for further details.
    > Kernel Id = .jvsc74a57bd0e7370f93d1d0cde622a1f8e1c04877d8463912d04d973331ad4851f04de6915a./bin/python./bin/python.-m#ipykernel_launcher
    > Interpreter Id = /bin/python
    > at ChildProcess.<anonymous> (~/.vscode/extensions/ms-toolsai.jupyter-2023.10.1003070148-linux-x64/out/extension.node.js:24:86245)
    > stdErr = /bin/python: No module named ipykernel_launcher
    > vslsStack = ChildProcess.<anonymous> (~/.vscode/extensions/ms-toolsai.jupyter-2023.10.1003070148-linux-x64/out/extension.node.js:24:86245),ChildProcess.emit (node:events:525:35),ChildProcess._handle.onexit (node:internal/child_process:291:12)
13:51:09.728 [error] Failed to connect raw kernel session: Error: The kernel died. Error: /bin/python: No module named ipykernel_launcher... View Jupyter [log](command:jupyter.viewOutput) for further details.
13:51:09.728 [error] Failed to connect raw kernel session: Error: The kernel died. Error: /bin/python: No module named ipykernel_launcher... View Jupyter [log](command:jupyter.viewOutput) for further details.
13:51:09.728 [warn] Error occurred while trying to start the kernel, options.disableUI=false Error: The kernel died. Error: /bin/python: No module named ipykernel_launcher... View Jupyter [log](command:jupyter.viewOutput) for further details.
    > Kernel Id = .jvsc74a57bd0e7370f93d1d0cde622a1f8e1c04877d8463912d04d973331ad4851f04de6915a./bin/python./bin/python.-m#ipykernel_launcher
    > Interpreter Id = /bin/python
    > at ChildProcess.<anonymous> (~/.vscode/extensions/ms-toolsai.jupyter-2023.10.1003070148-linux-x64/out/extension.node.js:24:86245)
    > stdErr = /bin/python: No module named ipykernel_launcher
    > vslsStack = ChildProcess.<anonymous> (~/.vscode/extensions/ms-toolsai.jupyter-2023.10.1003070148-linux-x64/out/extension.node.js:24:86245),ChildProcess.emit (node:events:525:35),ChildProcess._handle.onexit (node:internal/child_process:291:12)
13:51:09.729 [warn] Kernel Error, context = start Error: The kernel died. Error: /bin/python: No module named ipykernel_launcher... View Jupyter [log](command:jupyter.viewOutput) for further details.
    > Kernel Id = .jvsc74a57bd0e7370f93d1d0cde622a1f8e1c04877d8463912d04d973331ad4851f04de6915a./bin/python./bin/python.-m#ipykernel_launcher
    > Interpreter Id = /bin/python
    > at ChildProcess.<anonymous> (~/.vscode/extensions/ms-toolsai.jupyter-2023.10.1003070148-linux-x64/out/extension.node.js:24:86245)
    > stdErr = /bin/python: No module named ipykernel_launcher
    > vslsStack = ChildProcess.<anonymous> (~/.vscode/extensions/ms-toolsai.jupyter-2023.10.1003070148-linux-x64/out/extension.node.js:24:86245),ChildProcess.emit (node:events:525:35),ChildProcess._handle.onexit (node:internal/child_process:291:12)
13:51:09.740 [info] Process Execution: /bin/python -c "import ipykernel;print('6af208d0-cb9c-427f-b937-ff563e17efdf')"
13:51:09.761 [info] Check & install missing Kernel dependencies for /bin/python, ui.disabled=false for resource '~/Code/Python/DAT565_labs/lab1/main.ipynb'
13:51:09.772 [info] Process Execution: /bin/python -c "import ipykernel;print('6af208d0-cb9c-427f-b937-ff563e17efdf')"
13:51:09.801 [info] Process Execution: /bin/python -c "import pip;print('6af208d0-cb9c-427f-b937-ff563e17efdf')"
13:51:10.781 [info] End refreshing Kernel Picker (1698929467416)
13:51:15.290 [info] Process Execution: /bin/python -c "import pip;print('6af208d0-cb9c-427f-b937-ff563e17efdf')"
13:51:17.117 [info] Dispose Kernel '~/Code/Python/DAT565_labs/lab1/main.ipynb' associated with '~/Code/Python/DAT565_labs/lab1/main.ipynb'
13:51:17.117 [error] Error in execution Error: The kernel died. Error: /bin/python: No module named ipykernel_launcher... View Jupyter [log](command:jupyter.viewOutput) for further details.
    > Kernel Id = .jvsc74a57bd0e7370f93d1d0cde622a1f8e1c04877d8463912d04d973331ad4851f04de6915a./bin/python./bin/python.-m#ipykernel_launcher
    > Interpreter Id = /bin/python
    > at ChildProcess.<anonymous> (~/.vscode/extensions/ms-toolsai.jupyter-2023.10.1003070148-linux-x64/out/extension.node.js:24:86245)
    > stdErr = /bin/python: No module named ipykernel_launcher
    > vslsStack = ChildProcess.<anonymous> (~/.vscode/extensions/ms-toolsai.jupyter-2023.10.1003070148-linux-x64/out/extension.node.js:24:86245),ChildProcess.emit (node:events:525:35),ChildProcess._handle.onexit (node:internal/child_process:291:12)
13:51:17.118 [error] Error in execution (get message for cell) Error: The kernel died. Error: /bin/python: No module named ipykernel_launcher... View Jupyter [log](command:jupyter.viewOutput) for further details.
    > Kernel Id = .jvsc74a57bd0e7370f93d1d0cde622a1f8e1c04877d8463912d04d973331ad4851f04de6915a./bin/python./bin/python.-m#ipykernel_launcher
    > Interpreter Id = /bin/python
    > at ChildProcess.<anonymous> (~/.vscode/extensions/ms-toolsai.jupyter-2023.10.1003070148-linux-x64/out/extension.node.js:24:86245)
    > stdErr = /bin/python: No module named ipykernel_launcher
    > vslsStack = ChildProcess.<anonymous> (~/.vscode/extensions/ms-toolsai.jupyter-2023.10.1003070148-linux-x64/out/extension.node.js:24:86245),ChildProcess.emit (node:events:525:35),ChildProcess._handle.onexit (node:internal/child_process:291:12)
13:51:17.129 [info] Process Execution: /bin/python -c "import ipykernel;print('6af208d0-cb9c-427f-b937-ff563e17efdf')"
13:51:17.156 [info] End cell 0 execution @ undefined, started @ undefined, elapsed time = 0s
13:51:30.524 [info] Process Execution: ~/.pyenv/versions/3.11.6/bin/python -m pip list
13:51:32.047 [info] Handle Execution of Cells 0 for ~/Code/Python/DAT565_labs/lab1/main.ipynb
13:51:32.048 [info] Starting Kernel startUsingPythonInterpreter, .jvsc74a57bd0e7370f93d1d0cde622a1f8e1c04877d8463912d04d973331ad4851f04de6915a./bin/python./bin/python.-m#ipykernel_launcher  (Python Path: /bin/python, Unknown, 3.11.5) for '~/Code/Python/DAT565_labs/lab1/main.ipynb' (disableUI=false)
13:51:32.071 [warn] Failed to get activated env vars for /bin/python in 20ms
13:51:32.085 [info] Process Execution: /bin/python -c "import ipykernel; print(ipykernel.__version__); print("5dc3a68c-e34e-4080-9c3e-2a532b2ccb4d"); print(ipykernel.__file__)"
13:51:32.096 [info] Process Execution: /bin/python -m ipykernel_launcher --ip=127.0.0.1 --stdin=9019 --control=9017 --hb=9016 --Session.signature_scheme="hmac-sha256" --Session.key=b"8ec56371-752c-478f-adeb-40cc2a176f73" --shell=9018 --transport="tcp" --iopub=9020 --f=~/.local/share/jupyter/runtime/kernel-v2-3652gxbO4uAFMH58.json
    > cwd: ~/Code/Python/DAT565_labs/lab1
13:51:32.098 [warn] Stderr output when getting ipykernel version & path Traceback (most recent call last):
    File "<string>", line 1, in <module>
    ModuleNotFoundError: No module named 'ipykernel' for /bin/python
13:51:32.113 [warn] StdErr from Kernel Process /bin/python: No module named ipykernel_launcher
13:51:32.116 [error] Disposing kernel process due to an error Error: The kernel died. Error: /bin/python: No module named ipykernel_launcher... View Jupyter [log](command:jupyter.viewOutput) for further details.
    > Kernel Id = .jvsc74a57bd0e7370f93d1d0cde622a1f8e1c04877d8463912d04d973331ad4851f04de6915a./bin/python./bin/python.-m#ipykernel_launcher
    > Interpreter Id = /bin/python
    > at ChildProcess.<anonymous> (~/.vscode/extensions/ms-toolsai.jupyter-2023.10.1003070148-linux-x64/out/extension.node.js:24:86245)
    > stdErr = /bin/python: No module named ipykernel_launcher
    > vslsStack = ChildProcess.<anonymous> (~/.vscode/extensions/ms-toolsai.jupyter-2023.10.1003070148-linux-x64/out/extension.node.js:24:86245),ChildProcess.emit (node:events:525:35),ChildProcess._handle.onexit (node:internal/child_process:291:12)
13:51:32.116 [info] Dispose Kernel process 4041.
13:51:32.117 [error] Kernel Launcher. launch, Class name = Fv, completed in 67ms, has a falsy return value, Arg 1: ".jvsc74a57bd0e7370f93d1d0cde622a1f8e1c04877d8463912d04d973331ad4851f04de6915a./bin/python./bin/python.-m#ipykernel_launcher", Arg 2: 60000, Arg 3: "~/Code/Python/DAT565_labs/lab1/main.ipynb", Arg 4: "~/Code/Python/DAT565_labs/lab1", Arg 5: "" Error: The kernel died. Error: /bin/python: No module named ipykernel_launcher... View Jupyter [log](command:jupyter.viewOutput) for further details.
    > Kernel Id = .jvsc74a57bd0e7370f93d1d0cde622a1f8e1c04877d8463912d04d973331ad4851f04de6915a./bin/python./bin/python.-m#ipykernel_launcher
    > Interpreter Id = /bin/python
    > at ChildProcess.<anonymous> (~/.vscode/extensions/ms-toolsai.jupyter-2023.10.1003070148-linux-x64/out/extension.node.js:24:86245)
    > stdErr = /bin/python: No module named ipykernel_launcher
    > vslsStack = ChildProcess.<anonymous> (~/.vscode/extensions/ms-toolsai.jupyter-2023.10.1003070148-linux-x64/out/extension.node.js:24:86245),ChildProcess.emit (node:events:525:35),ChildProcess._handle.onexit (node:internal/child_process:291:12)
13:51:32.117 [error] Failed to connect raw kernel session: Error: The kernel died. Error: /bin/python: No module named ipykernel_launcher... View Jupyter [log](command:jupyter.viewOutput) for further details.
13:51:32.117 [error] Failed to connect raw kernel session: Error: The kernel died. Error: /bin/python: No module named ipykernel_launcher... View Jupyter [log](command:jupyter.viewOutput) for further details.
13:51:32.118 [warn] Error occurred while trying to start the kernel, options.disableUI=false Error: The kernel died. Error: /bin/python: No module named ipykernel_launcher... View Jupyter [log](command:jupyter.viewOutput) for further details.
    > Kernel Id = .jvsc74a57bd0e7370f93d1d0cde622a1f8e1c04877d8463912d04d973331ad4851f04de6915a./bin/python./bin/python.-m#ipykernel_launcher
    > Interpreter Id = /bin/python
    > at ChildProcess.<anonymous> (~/.vscode/extensions/ms-toolsai.jupyter-2023.10.1003070148-linux-x64/out/extension.node.js:24:86245)
    > stdErr = /bin/python: No module named ipykernel_launcher
    > vslsStack = ChildProcess.<anonymous> (~/.vscode/extensions/ms-toolsai.jupyter-2023.10.1003070148-linux-x64/out/extension.node.js:24:86245),ChildProcess.emit (node:events:525:35),ChildProcess._handle.onexit (node:internal/child_process:291:12)
13:51:32.118 [warn] Kernel Error, context = start Error: The kernel died. Error: /bin/python: No module named ipykernel_launcher... View Jupyter [log](command:jupyter.viewOutput) for further details.
    > Kernel Id = .jvsc74a57bd0e7370f93d1d0cde622a1f8e1c04877d8463912d04d973331ad4851f04de6915a./bin/python./bin/python.-m#ipykernel_launcher
    > Interpreter Id = /bin/python
    > at ChildProcess.<anonymous> (~/.vscode/extensions/ms-toolsai.jupyter-2023.10.1003070148-linux-x64/out/extension.node.js:24:86245)
    > stdErr = /bin/python: No module named ipykernel_launcher
    > vslsStack = ChildProcess.<anonymous> (~/.vscode/extensions/ms-toolsai.jupyter-2023.10.1003070148-linux-x64/out/extension.node.js:24:86245),ChildProcess.emit (node:events:525:35),ChildProcess._handle.onexit (node:internal/child_process:291:12)
13:51:32.122 [warn] Failed to get activated env vars for /bin/python in 3ms
13:51:32.132 [info] Process Execution: /bin/python -c "import ipykernel;print('6af208d0-cb9c-427f-b937-ff563e17efdf')"
13:51:32.143 [info] Check & install missing Kernel dependencies for /bin/python, ui.disabled=false for resource '~/Code/Python/DAT565_labs/lab1/main.ipynb'
13:51:32.154 [info] Process Execution: /bin/python -c "import ipykernel;print('6af208d0-cb9c-427f-b937-ff563e17efdf')"
13:51:32.174 [info] Process Execution: /bin/python -c "import pip;print('6af208d0-cb9c-427f-b937-ff563e17efdf')"
13:51:34.162 [info] Process Execution: /bin/python -c "import pip;print('6af208d0-cb9c-427f-b937-ff563e17efdf')"
13:51:37.217 [info] Dispose Kernel '~/Code/Python/DAT565_labs/lab1/main.ipynb' associated with '~/Code/Python/DAT565_labs/lab1/main.ipynb'
13:51:37.218 [error] Error in execution Error: The kernel died. Error: /bin/python: No module named ipykernel_launcher... View Jupyter [log](command:jupyter.viewOutput) for further details.
    > Kernel Id = .jvsc74a57bd0e7370f93d1d0cde622a1f8e1c04877d8463912d04d973331ad4851f04de6915a./bin/python./bin/python.-m#ipykernel_launcher
    > Interpreter Id = /bin/python
    > at ChildProcess.<anonymous> (~/.vscode/extensions/ms-toolsai.jupyter-2023.10.1003070148-linux-x64/out/extension.node.js:24:86245)
    > stdErr = /bin/python: No module named ipykernel_launcher
    > vslsStack = ChildProcess.<anonymous> (~/.vscode/extensions/ms-toolsai.jupyter-2023.10.1003070148-linux-x64/out/extension.node.js:24:86245),ChildProcess.emit (node:events:525:35),ChildProcess._handle.onexit (node:internal/child_process:291:12)
13:51:37.219 [error] Error in execution (get message for cell) Error: The kernel died. Error: /bin/python: No module named ipykernel_launcher... View Jupyter [log](command:jupyter.viewOutput) for further details.
    > Kernel Id = .jvsc74a57bd0e7370f93d1d0cde622a1f8e1c04877d8463912d04d973331ad4851f04de6915a./bin/python./bin/python.-m#ipykernel_launcher
    > Interpreter Id = /bin/python
    > at ChildProcess.<anonymous> (~/.vscode/extensions/ms-toolsai.jupyter-2023.10.1003070148-linux-x64/out/extension.node.js:24:86245)
    > stdErr = /bin/python: No module named ipykernel_launcher
    > vslsStack = ChildProcess.<anonymous> (~/.vscode/extensions/ms-toolsai.jupyter-2023.10.1003070148-linux-x64/out/extension.node.js:24:86245),ChildProcess.emit (node:events:525:35),ChildProcess._handle.onexit (node:internal/child_process:291:12)
13:51:37.230 [info] Process Execution: /bin/python -c "import ipykernel;print('6af208d0-cb9c-427f-b937-ff563e17efdf')"
13:51:37.261 [info] End cell 0 execution @ undefined, started @ undefined, elapsed time = 0s
13:52:08.633 [info] Handle Execution of Cells 0 for ~/Code/Python/DAT565_labs/lab1/main.ipynb
13:52:08.635 [info] Starting Kernel startUsingPythonInterpreter, .jvsc74a57bd0e7370f93d1d0cde622a1f8e1c04877d8463912d04d973331ad4851f04de6915a./bin/python./bin/python.-m#ipykernel_launcher  (Python Path: /bin/python, Unknown, 3.11.5) for '~/Code/Python/DAT565_labs/lab1/main.ipynb' (disableUI=false)
13:52:08.650 [info] Process Execution: /bin/python -c "import ipykernel; print(ipykernel.__version__); print("5dc3a68c-e34e-4080-9c3e-2a532b2ccb4d"); print(ipykernel.__file__)"
13:52:08.667 [info] Process Execution: /bin/python -m ipykernel_launcher --ip=127.0.0.1 --stdin=9027 --control=9025 --hb=9024 --Session.signature_scheme="hmac-sha256" --Session.key=b"d2bbe087-2302-42c6-a10f-ef7900db688e" --shell=9026 --transport="tcp" --iopub=9028 --f=~/.local/share/jupyter/runtime/kernel-v2-3652qHE04Pbpkgzh.json
    > cwd: ~/Code/Python/DAT565_labs/lab1
13:52:08.669 [warn] Stderr output when getting ipykernel version & path Traceback (most recent call last):
    File "<string>", line 1, in <module>
    ModuleNotFoundError: No module named 'ipykernel' for /bin/python
13:52:08.677 [warn] StdErr from Kernel Process /bin/python: No module named ipykernel_launcher
13:52:08.679 [error] Disposing kernel process due to an error Error: The kernel died. Error: /bin/python: No module named ipykernel_launcher... View Jupyter [log](command:jupyter.viewOutput) for further details.
    > Kernel Id = .jvsc74a57bd0e7370f93d1d0cde622a1f8e1c04877d8463912d04d973331ad4851f04de6915a./bin/python./bin/python.-m#ipykernel_launcher
    > Interpreter Id = /bin/python
    > at ChildProcess.<anonymous> (~/.vscode/extensions/ms-toolsai.jupyter-2023.10.1003070148-linux-x64/out/extension.node.js:24:86245)
    > stdErr = /bin/python: No module named ipykernel_launcher
    > vslsStack = ChildProcess.<anonymous> (~/.vscode/extensions/ms-toolsai.jupyter-2023.10.1003070148-linux-x64/out/extension.node.js:24:86245),ChildProcess.emit (node:events:525:35),ChildProcess._handle.onexit (node:internal/child_process:291:12)
13:52:08.679 [info] Dispose Kernel process 4217.
13:52:08.680 [error] Kernel Launcher. launch, Class name = Fv, completed in 42ms, has a falsy return value, Arg 1: ".jvsc74a57bd0e7370f93d1d0cde622a1f8e1c04877d8463912d04d973331ad4851f04de6915a./bin/python./bin/python.-m#ipykernel_launcher", Arg 2: 60000, Arg 3: "~/Code/Python/DAT565_labs/lab1/main.ipynb", Arg 4: "~/Code/Python/DAT565_labs/lab1", Arg 5: "" Error: The kernel died. Error: /bin/python: No module named ipykernel_launcher... View Jupyter [log](command:jupyter.viewOutput) for further details.
    > Kernel Id = .jvsc74a57bd0e7370f93d1d0cde622a1f8e1c04877d8463912d04d973331ad4851f04de6915a./bin/python./bin/python.-m#ipykernel_launcher
    > Interpreter Id = /bin/python
    > at ChildProcess.<anonymous> (~/.vscode/extensions/ms-toolsai.jupyter-2023.10.1003070148-linux-x64/out/extension.node.js:24:86245)
    > stdErr = /bin/python: No module named ipykernel_launcher
    > vslsStack = ChildProcess.<anonymous> (~/.vscode/extensions/ms-toolsai.jupyter-2023.10.1003070148-linux-x64/out/extension.node.js:24:86245),ChildProcess.emit (node:events:525:35),ChildProcess._handle.onexit (node:internal/child_process:291:12)
13:52:08.680 [error] Failed to connect raw kernel session: Error: The kernel died. Error: /bin/python: No module named ipykernel_launcher... View Jupyter [log](command:jupyter.viewOutput) for further details.
13:52:08.680 [error] Failed to connect raw kernel session: Error: The kernel died. Error: /bin/python: No module named ipykernel_launcher... View Jupyter [log](command:jupyter.viewOutput) for further details.
13:52:08.680 [warn] Error occurred while trying to start the kernel, options.disableUI=false Error: The kernel died. Error: /bin/python: No module named ipykernel_launcher... View Jupyter [log](command:jupyter.viewOutput) for further details.
    > Kernel Id = .jvsc74a57bd0e7370f93d1d0cde622a1f8e1c04877d8463912d04d973331ad4851f04de6915a./bin/python./bin/python.-m#ipykernel_launcher
    > Interpreter Id = /bin/python
    > at ChildProcess.<anonymous> (~/.vscode/extensions/ms-toolsai.jupyter-2023.10.1003070148-linux-x64/out/extension.node.js:24:86245)
    > stdErr = /bin/python: No module named ipykernel_launcher
    > vslsStack = ChildProcess.<anonymous> (~/.vscode/extensions/ms-toolsai.jupyter-2023.10.1003070148-linux-x64/out/extension.node.js:24:86245),ChildProcess.emit (node:events:525:35),ChildProcess._handle.onexit (node:internal/child_process:291:12)
13:52:08.680 [warn] Kernel Error, context = start Error: The kernel died. Error: /bin/python: No module named ipykernel_launcher... View Jupyter [log](command:jupyter.viewOutput) for further details.
    > Kernel Id = .jvsc74a57bd0e7370f93d1d0cde622a1f8e1c04877d8463912d04d973331ad4851f04de6915a./bin/python./bin/python.-m#ipykernel_launcher
    > Interpreter Id = /bin/python
    > at ChildProcess.<anonymous> (~/.vscode/extensions/ms-toolsai.jupyter-2023.10.1003070148-linux-x64/out/extension.node.js:24:86245)
    > stdErr = /bin/python: No module named ipykernel_launcher
    > vslsStack = ChildProcess.<anonymous> (~/.vscode/extensions/ms-toolsai.jupyter-2023.10.1003070148-linux-x64/out/extension.node.js:24:86245),ChildProcess.emit (node:events:525:35),ChildProcess._handle.onexit (node:internal/child_process:291:12)
13:52:08.690 [info] Process Execution: /bin/python -c "import ipykernel;print('6af208d0-cb9c-427f-b937-ff563e17efdf')"
13:52:08.698 [info] Check & install missing Kernel dependencies for /bin/python, ui.disabled=false for resource '~/Code/Python/DAT565_labs/lab1/main.ipynb'
13:52:08.707 [info] Process Execution: /bin/python -c "import ipykernel;print('6af208d0-cb9c-427f-b937-ff563e17efdf')"
13:52:08.724 [info] Process Execution: /bin/python -c "import pip;print('6af208d0-cb9c-427f-b937-ff563e17efdf')"
13:52:11.627 [info] Dispose Kernel '~/Code/Python/DAT565_labs/lab1/main.ipynb' associated with '~/Code/Python/DAT565_labs/lab1/main.ipynb'
13:52:19.314 [info] Interrupt requested & no kernel.
13:52:26.141 [info] Interrupt requested & no kernel.
13:52:33.976 [info] Starting Kernel startUsingPythonInterpreter, .jvsc74a57bd022c20fb3e009b90b1487f44493d46a7a0c3364d8e13c25e1ba7810ca21a44a3b.~/.pyenv/versions/3.11.6/python.~/.pyenv/versions/3.11.6/python.-m#ipykernel_launcher  (Python Path: ~/.pyenv/versions/3.11.6/bin/python, Pyenv, 3.11.6) for '~/Code/Python/DAT565_labs/lab1/main.ipynb' (disableUI=false)
13:52:33.992 [info] Process Execution: ~/.pyenv/versions/3.11.6/bin/python -c "import ipykernel; print(ipykernel.__version__); print("5dc3a68c-e34e-4080-9c3e-2a532b2ccb4d"); print(ipykernel.__file__)"
13:52:34.012 [info] Process Execution: ~/.pyenv/versions/3.11.6/bin/python -m ipykernel_launcher --ip=127.0.0.1 --stdin=9035 --control=9033 --hb=9032 --Session.signature_scheme="hmac-sha256" --Session.key=b"457135b0-6efe-4ef8-9298-f46cdceed56d" --shell=9034 --transport="tcp" --iopub=9036 --f=~/.local/share/jupyter/runtime/kernel-v2-36521QPdqWcx5Knm.json
    > cwd: ~/Code/Python/DAT565_labs/lab1
13:52:34.264 [info] ipykernel version & path 6.26.0, ~/.pyenv/versions/3.11.6/lib/python3.11/site-packages/ipykernel/__init__.py for ~/.pyenv/versions/3.11.6/bin/python
13:52:34.358 [warn] StdErr from Kernel Process 0.00s - Debugger warning: It seems that frozen modules are being used, which may
0.00s - make the debugger miss breakpoints. Please pass -Xfrozen_modules=off
0.00s - to python to disable frozen modules.
0.00s - Note: Debugging will proceed. Set PYDEVD_DISABLE_FILE_VALIDATION=1 to disable this validation.
13:52:34.512 [info] End cell -1 execution @ undefined, started @ undefined, elapsed time = 0s
13:52:34.512 [error] Error in execution [Error: CANNOT execute cell that has been REMOVED from notebook
	at m._createNotebookCellExecution (/opt/visual-studio-code/resources/app/out/vs/workbench/api/node/extensionHostProcess.js:127:103269)
	at Object.createNotebookCellExecution (/opt/visual-studio-code/resources/app/out/vs/workbench/api/node/extensionHostProcess.js:127:99345)
	at zm.create (~/.vscode/extensions/ms-toolsai.jupyter-2023.10.1003070148-linux-x64/out/extension.node.js:17:177731)
	at zm.getOrCreate (~/.vscode/extensions/ms-toolsai.jupyter-2023.10.1003070148-linux-x64/out/extension.node.js:17:177608)
	at Rb.createCellExecutionIfNecessary (~/.vscode/extensions/ms-toolsai.jupyter-2023.10.1003070148-linux-x64/out/extension.node.js:24:206875)
	at Rb.executeCell (~/.vscode/extensions/ms-toolsai.jupyter-2023.10.1003070148-linux-x64/out/extension.node.js:24:207494)
	at async Promise.all (index 0)
	at async Rb.handleExecution (~/.vscode/extensions/ms-toolsai.jupyter-2023.10.1003070148-linux-x64/out/extension.node.js:24:204106)
	at async m.$executeCells (/opt/visual-studio-code/resources/app/out/vs/workbench/api/node/extensionHostProcess.js:127:102219)]
13:52:34.514 [error] Error in execution (get message for cell) [Error: CANNOT execute cell that has been REMOVED from notebook
	at m._createNotebookCellExecution (/opt/visual-studio-code/resources/app/out/vs/workbench/api/node/extensionHostProcess.js:127:103269)
	at Object.createNotebookCellExecution (/opt/visual-studio-code/resources/app/out/vs/workbench/api/node/extensionHostProcess.js:127:99345)
	at zm.create (~/.vscode/extensions/ms-toolsai.jupyter-2023.10.1003070148-linux-x64/out/extension.node.js:17:177731)
	at zm.getOrCreate (~/.vscode/extensions/ms-toolsai.jupyter-2023.10.1003070148-linux-x64/out/extension.node.js:17:177608)
	at Rb.createCellExecutionIfNecessary (~/.vscode/extensions/ms-toolsai.jupyter-2023.10.1003070148-linux-x64/out/extension.node.js:24:206875)
	at Rb.executeCell (~/.vscode/extensions/ms-toolsai.jupyter-2023.10.1003070148-linux-x64/out/extension.node.js:24:207494)
	at async Promise.all (index 0)
	at async Rb.handleExecution (~/.vscode/extensions/ms-toolsai.jupyter-2023.10.1003070148-linux-x64/out/extension.node.js:24:204106)
	at async m.$executeCells (/opt/visual-studio-code/resources/app/out/vs/workbench/api/node/extensionHostProcess.js:127:102219)] {
  vslsStack: [
    CallSite {}, CallSite {},
    CallSite {}, CallSite {},
    CallSite {}, CallSite {},
    CallSite {}, CallSite {},
    CallSite {}
  ]
}
13:52:34.526 [info] Process Execution: ~/.pyenv/versions/3.11.6/bin/python ~/.vscode/extensions/ms-toolsai.jupyter-2023.10.1003070148-linux-x64/pythonFiles/printJupyterDataDir.py
13:52:44.521 [info] Handle Execution of Cells 0 for ~/Code/Python/DAT565_labs/lab1/main.ipynb
13:52:44.531 [info] Kernel acknowledged execution of cell 0 @ 1698929564530
13:52:44.533 [info] End cell 0 execution @ 1698929564533, started @ 1698929564530, elapsed time = 0.003s
13:52:52.450 [info] Handle Execution of Cells 0 for ~/Code/Python/DAT565_labs/lab1/main.ipynb
13:52:52.458 [info] Kernel acknowledged execution of cell 0 @ 1698929572457
13:52:52.576 [info] End cell 0 execution @ 1698929572576, started @ 1698929572457, elapsed time = 0.119s
13:53:25.740 [info] Handle Execution of Cells 0 for ~/Code/Python/DAT565_labs/lab1/main.ipynb
13:53:25.750 [info] Kernel acknowledged execution of cell 0 @ 1698929605749
13:53:26.014 [info] End cell 0 execution @ 1698929606014, started @ 1698929605749, elapsed time = 0.265s
13:53:26.014 [warn] Cancel all remaining cells due to cancellation or failure in execution
13:55:18.805 [info] Disposing HostJupyterExecution
13:55:18.805 [info] Dispose Kernel '~/Code/Python/DAT565_labs/lab1/main.ipynb' associated with '~/Code/Python/DAT565_labs/lab1/main.ipynb'
13:55:18.805 [info] Dispose Kernel '~/Code/Python/DAT565_labs/lab1/main.ipynb' associated with '~/Code/Python/DAT565_labs/lab1/main.ipynb'
13:55:18.805 [info] Dispose Kernel '~/Code/Python/DAT565_labs/lab1/main.ipynb' associated with '~/Code/Python/DAT565_labs/lab1/main.ipynb'
13:55:18.805 [info] Dispose Kernel '~/Code/Python/DAT565_labs/lab1/main.ipynb' associated with '~/Code/Python/DAT565_labs/lab1/main.ipynb'
13:55:18.805 [info] Dispose Kernel process 4231.
13:55:18.815 [info] Disposing HostJupyterExecution
13:55:18.858 [warn] Failed to delete connection file file://~/.local/share/jupyter/runtime/kernel-v2-36521QPdqWcx5Knm.json for pid 4231 [Canceled (FileSystemError): Canceled
	at E.e (/opt/visual-studio-code/resources/app/out/vs/workbench/api/node/extensionHostProcess.js:127:27845)
	at Object.stat (/opt/visual-studio-code/resources/app/out/vs/workbench/api/node/extensionHostProcess.js:127:24555)
	at async pp.delete (~/.vscode/extensions/ms-toolsai.jupyter-2023.10.1003070148-linux-x64/out/extension.node.js:17:19303)
	at async ~/.vscode/extensions/ms-toolsai.jupyter-2023.10.1003070148-linux-x64/out/extension.node.js:24:88505] {
  code: 'Unknown'
}
