2023-11-02 13:51:06.495 [info] Using settings sync service https://vscode-sync.trafficmanager.net/
2023-11-02 13:51:06.495 [info] Auto Sync is enabled.
2023-11-02 13:51:06.495 [info] Auto Sync: Suspended until auth token is available.
2023-11-02 13:51:06.832 [info] Deleting non existing profile from backup /home/sam/.config/Code/User/sync/extensions
2023-11-02 13:51:06.915 [info] Deleting non existing profile from backup /home/sam/.config/Code/User/sync/globalState
2023-11-02 13:51:07.524 [info] Deleting non existing profile from backup /home/sam/.config/Code/User/sync/keybindings
2023-11-02 13:51:07.793 [info] Deleting non existing profile from backup /home/sam/.config/Code/User/sync/profiles
2023-11-02 13:51:07.918 [info] Deleting non existing profile from backup /home/sam/.config/Code/User/sync/settings
2023-11-02 13:51:07.950 [info] Deleting non existing profile from backup /home/sam/.config/Code/User/sync/snippets
2023-11-02 13:51:07.951 [info] Deleting non existing profile from backup /home/sam/.config/Code/User/sync/tasks
2023-11-02 13:51:08.128 [info] Auto Sync: Triggered by Interval
2023-11-02 13:51:08.128 [info] Sync started.
2023-11-02 13:51:08.344 [info] Settings: Last sync resource does not exist locally.
2023-11-02 13:51:08.842 [info] Settings: No changes found during synchronizing settings.
2023-11-02 13:51:08.885 [info] Keybindings: Last sync resource does not exist locally.
2023-11-02 13:51:09.031 [info] Keybindings: No changes found during synchronizing keybindings.
2023-11-02 13:51:09.033 [info] Snippets: Last sync resource does not exist locally.
2023-11-02 13:51:09.232 [info] Snippets: No changes found during synchronizing snippets.
2023-11-02 13:51:09.274 [info] Tasks: Last sync resource does not exist locally.
2023-11-02 13:51:09.385 [info] Tasks: No changes found during synchronizing tasks.
2023-11-02 13:51:09.386 [info] GlobalState: Last sync resource does not exist locally.
2023-11-02 13:51:10.427 [info] GlobalState: Updated remote ui state. Updated: workbench.activity.pinnedViewlets2,workbench.panel.pinnedPanels.
2023-11-02 13:51:10.429 [info] GlobalState: Updated last synchronized ui state
2023-11-02 13:51:10.432 [info] Extensions: Last sync resource does not exist locally.
2023-11-02 13:51:10.598 [info] Extensions: No changes found during synchronizing extensions.
2023-11-02 13:51:10.602 [info] Profiles: Last sync resource does not exist locally.
2023-11-02 13:51:10.648 [info] Profiles: No changes found during synchronizing profiles.
2023-11-02 13:51:10.650 [info] Sync done. Took 2522ms
2023-11-02 13:51:20.117 [info] Auto Sync: Triggered by Activity
2023-11-02 13:51:20.117 [info] Sync started.
2023-11-02 13:51:20.198 [info] Settings: No changes found during synchronizing settings.
2023-11-02 13:51:20.201 [info] Keybindings: No changes found during synchronizing keybindings.
2023-11-02 13:51:20.203 [info] Snippets: No changes found during synchronizing snippets.
2023-11-02 13:51:20.204 [info] Tasks: No changes found during synchronizing tasks.
2023-11-02 13:51:20.207 [info] GlobalState: No changes found during synchronizing ui state.
2023-11-02 13:51:20.263 [info] Extensions: No changes found during synchronizing extensions.
2023-11-02 13:51:20.264 [info] Profiles: No changes found during synchronizing profiles.
2023-11-02 13:51:20.265 [info] Sync done. Took 147ms
2023-11-02 13:51:27.299 [info] Auto Sync: Triggered by Activity
2023-11-02 13:51:27.299 [info] Sync started.
2023-11-02 13:51:27.378 [info] Settings: No changes found during synchronizing settings.
2023-11-02 13:51:27.382 [info] Keybindings: No changes found during synchronizing keybindings.
2023-11-02 13:51:27.386 [info] Snippets: No changes found during synchronizing snippets.
2023-11-02 13:51:27.388 [info] Tasks: No changes found during synchronizing tasks.
2023-11-02 13:51:28.142 [info] GlobalState: Updated remote ui state. Updated: commandPalette.mru.cache,commandPalette.mru.counter.
2023-11-02 13:51:28.150 [info] GlobalState: Updated last synchronized ui state
2023-11-02 13:51:28.217 [info] Extensions: No changes found during synchronizing extensions.
2023-11-02 13:51:28.218 [info] Profiles: No changes found during synchronizing profiles.
2023-11-02 13:51:28.219 [info] Sync done. Took 922ms
2023-11-02 13:51:40.220 [info] Auto Sync: Triggered by Activity
2023-11-02 13:51:40.220 [info] Sync started.
2023-11-02 13:51:40.283 [info] Settings: No changes found during synchronizing settings.
2023-11-02 13:51:40.286 [info] Keybindings: No changes found during synchronizing keybindings.
2023-11-02 13:51:40.289 [info] Snippets: No changes found during synchronizing snippets.
2023-11-02 13:51:40.291 [info] Tasks: No changes found during synchronizing tasks.
2023-11-02 13:51:40.296 [info] GlobalState: No changes found during synchronizing ui state.
2023-11-02 13:51:40.377 [info] Extensions: No changes found during synchronizing extensions.
2023-11-02 13:51:40.377 [info] Profiles: No changes found during synchronizing profiles.
2023-11-02 13:51:40.378 [info] Sync done. Took 159ms
2023-11-02 13:51:55.053 [info] Auto Sync: Triggered by Activity
2023-11-02 13:51:55.053 [info] Sync started.
2023-11-02 13:51:55.125 [info] Settings: No changes found during synchronizing settings.
2023-11-02 13:51:55.128 [info] Keybindings: No changes found during synchronizing keybindings.
2023-11-02 13:51:55.131 [info] Snippets: No changes found during synchronizing snippets.
2023-11-02 13:51:55.134 [info] Tasks: No changes found during synchronizing tasks.
2023-11-02 13:51:55.138 [info] GlobalState: No changes found during synchronizing ui state.
2023-11-02 13:51:55.214 [info] Extensions: No changes found during synchronizing extensions.
2023-11-02 13:51:55.216 [info] Profiles: No changes found during synchronizing profiles.
2023-11-02 13:51:55.218 [info] Sync done. Took 167ms
2023-11-02 13:52:09.381 [info] Auto Sync: Triggered by Activity
2023-11-02 13:52:09.381 [info] Sync started.
2023-11-02 13:52:09.445 [info] Settings: No changes found during synchronizing settings.
2023-11-02 13:52:09.449 [info] Keybindings: No changes found during synchronizing keybindings.
2023-11-02 13:52:09.452 [info] Snippets: No changes found during synchronizing snippets.
2023-11-02 13:52:09.454 [info] Tasks: No changes found during synchronizing tasks.
2023-11-02 13:52:09.458 [info] GlobalState: No changes found during synchronizing ui state.
2023-11-02 13:52:09.545 [info] Extensions: No changes found during synchronizing extensions.
2023-11-02 13:52:09.546 [info] Profiles: No changes found during synchronizing profiles.
2023-11-02 13:52:09.547 [info] Sync done. Took 166ms
2023-11-02 13:53:18.062 [info] Auto Sync: Triggered by Activity
2023-11-02 13:53:18.062 [info] Sync started.
2023-11-02 13:53:18.173 [info] Settings: No changes found during synchronizing settings.
2023-11-02 13:53:18.176 [info] Keybindings: No changes found during synchronizing keybindings.
2023-11-02 13:53:18.178 [info] Snippets: No changes found during synchronizing snippets.
2023-11-02 13:53:18.180 [info] Tasks: No changes found during synchronizing tasks.
2023-11-02 13:53:18.183 [info] GlobalState: No changes found during synchronizing ui state.
2023-11-02 13:53:18.246 [info] Extensions: No changes found during synchronizing extensions.
2023-11-02 13:53:18.249 [info] Profiles: No changes found during synchronizing profiles.
2023-11-02 13:53:18.250 [info] Sync done. Took 188ms
2023-11-02 13:53:32.748 [info] Auto Sync: Triggered by Activity
2023-11-02 13:53:32.748 [info] Sync started.
2023-11-02 13:53:32.829 [info] Settings: No changes found during synchronizing settings.
2023-11-02 13:53:32.835 [info] Keybindings: No changes found during synchronizing keybindings.
2023-11-02 13:53:32.838 [info] Snippets: No changes found during synchronizing snippets.
2023-11-02 13:53:32.841 [info] Tasks: No changes found during synchronizing tasks.
2023-11-02 13:53:32.845 [info] GlobalState: No changes found during synchronizing ui state.
2023-11-02 13:53:32.912 [info] Extensions: No changes found during synchronizing extensions.
2023-11-02 13:53:32.914 [info] Profiles: No changes found during synchronizing profiles.
2023-11-02 13:53:32.915 [info] Sync done. Took 169ms
2023-11-02 13:54:06.836 [info] Auto Sync: Triggered by Activity
2023-11-02 13:54:06.836 [info] Sync started.
2023-11-02 13:54:06.901 [info] Settings: No changes found during synchronizing settings.
2023-11-02 13:54:06.904 [info] Keybindings: No changes found during synchronizing keybindings.
2023-11-02 13:54:06.906 [info] Snippets: No changes found during synchronizing snippets.
2023-11-02 13:54:06.907 [info] Tasks: No changes found during synchronizing tasks.
2023-11-02 13:54:06.911 [info] GlobalState: No changes found during synchronizing ui state.
2023-11-02 13:54:06.973 [info] Extensions: No changes found during synchronizing extensions.
2023-11-02 13:54:06.975 [info] Profiles: No changes found during synchronizing profiles.
2023-11-02 13:54:06.976 [info] Sync done. Took 142ms
2023-11-02 13:55:00.382 [info] Auto Sync: Triggered by Activity
2023-11-02 13:55:00.383 [info] Sync started.
2023-11-02 13:55:00.466 [info] Settings: No changes found during synchronizing settings.
2023-11-02 13:55:00.468 [info] Keybindings: No changes found during synchronizing keybindings.
2023-11-02 13:55:00.472 [info] Snippets: No changes found during synchronizing snippets.
2023-11-02 13:55:00.475 [info] Tasks: No changes found during synchronizing tasks.
2023-11-02 13:55:00.479 [info] GlobalState: No changes found during synchronizing ui state.
2023-11-02 13:55:00.554 [info] Extensions: No changes found during synchronizing extensions.
2023-11-02 13:55:00.555 [info] Profiles: No changes found during synchronizing profiles.
2023-11-02 13:55:00.556 [info] Sync done. Took 174ms
2023-11-02 13:55:13.329 [info] Auto Sync: Triggered by Activity
2023-11-02 13:55:13.329 [info] Sync started.
2023-11-02 13:55:13.407 [info] Settings: No changes found during synchronizing settings.
2023-11-02 13:55:13.411 [info] Keybindings: No changes found during synchronizing keybindings.
2023-11-02 13:55:13.414 [info] Snippets: No changes found during synchronizing snippets.
2023-11-02 13:55:13.416 [info] Tasks: No changes found during synchronizing tasks.
2023-11-02 13:55:13.420 [info] GlobalState: No changes found during synchronizing ui state.
2023-11-02 13:55:13.482 [info] Extensions: No changes found during synchronizing extensions.
2023-11-02 13:55:13.484 [info] Profiles: No changes found during synchronizing profiles.
2023-11-02 13:55:13.485 [info] Sync done. Took 157ms
