2023-11-02 13:55:25.163 [info] Name: isort
2023-11-02 13:55:25.163 [info] Module: isort
2023-11-02 13:55:25.163 [info] Python extension loading
2023-11-02 13:55:25.163 [info] Waiting for interpreter from python extension.
2023-11-02 13:55:25.163 [info] No interpreter found from setting isort.interpreter
2023-11-02 13:55:25.163 [info] Getting interpreter from ms-python.python extension for workspace /home/sam/Code/Python/DAT565_labs/lab1
2023-11-02 13:55:25.163 [info] Python extension loaded
2023-11-02 13:55:25.163 [info] Interpreter from ms-python.python extension for /home/sam/Code/Python/DAT565_labs/lab1: /home/sam/.pyenv/versions/3.11.6/bin/python
2023-11-02 13:55:25.163 [info] No interpreter found from setting isort.interpreter
2023-11-02 13:55:25.163 [info] Getting interpreter from ms-python.python extension for workspace /home/sam/Code/Python/DAT565_labs/lab1
2023-11-02 13:55:25.163 [info] Interpreter from ms-python.python extension for /home/sam/Code/Python/DAT565_labs/lab1: /home/sam/.pyenv/versions/3.11.6/bin/python
2023-11-02 13:55:25.163 [info] Server run command: /home/sam/.pyenv/versions/3.11.6/bin/python /home/sam/.vscode/extensions/ms-python.isort-2023.10.1/bundled/tool/lsp_server.py
2023-11-02 13:55:25.163 [info] Server: Start requested.
2023-11-02 13:55:26.071 [info] CWD Server: /home/sam/Code/Python/DAT565_labs/lab1
2023-11-02 13:55:26.071 [info] sys.path used to run Server:
   /home/sam/.vscode/extensions/ms-python.isort-2023.10.1/bundled/libs
   /home/sam/.vscode/extensions/ms-python.isort-2023.10.1/bundled/tool
   /home/sam/.pyenv/versions/3.11.6/lib/python311.zip
   /home/sam/.pyenv/versions/3.11.6/lib/python3.11
   /home/sam/.pyenv/versions/3.11.6/lib/python3.11/lib-dynload
   /home/sam/.pyenv/versions/3.11.6/lib/python3.11/site-packages
2023-11-02 13:55:26.071 [info] Settings used to run Server:
[
    {
        "check": false,
        "cwd": "/home/sam/Code/Python/DAT565_labs/lab1",
        "workspace": "file:///home/sam/Code/Python/DAT565_labs/lab1",
        "args": [],
        "path": [],
        "severity": {
            "W": "Warning",
            "E": "Hint"
        },
        "interpreter": [
            "/home/sam/.pyenv/versions/3.11.6/bin/python"
        ],
        "importStrategy": "useBundled",
        "showNotifications": "off"
    }
]

2023-11-02 13:55:26.071 [info] Global settings:
{
    "check": false,
    "cwd": "/home/sam",
    "workspace": "/home/sam",
    "args": [],
    "path": [],
    "severity": {
        "W": "Warning",
        "E": "Hint"
    },
    "interpreter": [],
    "importStrategy": "useBundled",
    "showNotifications": "off"
}

2023-11-02 13:55:26.074 [info] /home/sam/.pyenv/versions/3.11.6/bin/python -m isort --version-number
2023-11-02 13:55:26.074 [info] CWD Linter: /home/sam/Code/Python/DAT565_labs/lab1
2023-11-02 13:55:26.077 [info] Version info for isort running for /home/sam/Code/Python/DAT565_labs/lab1:
5.11.5

2023-11-02 13:55:26.077 [info] SUPPORTED isort>=5.10.1
FOUND isort==5.11.5

2023-11-02 13:55:26.134 [info] [Trace - 1:55:26 PM] Received notification 'textDocument/publishDiagnostics'.
2023-11-02 13:55:26.136 [info] [Trace - 1:55:26 PM] Sending request 'textDocument/codeAction - (1)'.
2023-11-02 13:55:26.245 [info] [Trace - 1:55:26 PM] Sending notification '$/cancelRequest'.
2023-11-02 13:55:26.246 [info] [Trace - 1:55:26 PM] Sending request 'textDocument/codeAction - (2)'.
2023-11-02 13:55:26.252 [info] [Trace - 1:55:26 PM] Received response 'textDocument/codeAction - (1)' in 116ms.
2023-11-02 13:55:26.256 [info] [Trace - 1:55:26 PM] Received response 'textDocument/codeAction - (2)' in 10ms.
2023-11-02 13:55:26.606 [info] [Trace - 1:55:26 PM] Sending request 'textDocument/codeAction - (3)'.
2023-11-02 13:55:26.613 [info] [Trace - 1:55:26 PM] Received response 'textDocument/codeAction - (3)' in 7ms.
2023-11-02 13:55:28.231 [info] [Trace - 1:55:28 PM] Sending request 'textDocument/codeAction - (4)'.
2023-11-02 13:55:28.281 [info] [Trace - 1:55:28 PM] Received response 'textDocument/codeAction - (4)' in 50ms.
2023-11-02 13:55:38.515 [info] [Trace - 1:55:38 PM] Sending request 'shutdown - (5)'.
2023-11-02 13:55:38.554 [info] [Trace - 1:55:38 PM] Received response 'shutdown - (5)' in 68ms.
2023-11-02 13:55:38.554 [info] [Trace - 1:55:38 PM] Sending notification 'exit'.
