2023-11-02 15:24:39.370 [info] Log level: Info
2023-11-02 15:24:39.370 [info] Validating found git in: "git"
2023-11-02 15:24:39.370 [info] Using git "2.42.0" from "git"
2023-11-02 15:24:39.370 [info] > git rev-parse --show-toplevel [12ms]
2023-11-02 15:24:39.370 [info] fatal: not a git repository (or any of the parent directories): .git
2023-11-02 15:24:39.370 [info] > git rev-parse --show-toplevel [2ms]
2023-11-02 15:24:39.370 [info] fatal: not a git repository (or any of the parent directories): .git
2023-11-02 15:24:39.371 [info] > git rev-parse --show-toplevel [5ms]
2023-11-02 15:24:39.371 [info] fatal: not a git repository (or any of the parent directories): .git
2023-11-02 15:24:39.378 [info] > git rev-parse --show-toplevel [1ms]
2023-11-02 15:24:39.378 [info] fatal: not a git repository (or any of the parent directories): .git
2023-11-02 15:24:39.385 [info] > git rev-parse --show-toplevel [2ms]
2023-11-02 15:24:39.385 [info] fatal: not a git repository (or any of the parent directories): .git
2023-11-02 15:24:39.391 [info] > git rev-parse --show-toplevel [0ms]
2023-11-02 15:24:39.391 [info] fatal: not a git repository (or any of the parent directories): .git
2023-11-02 15:24:39.396 [info] > git rev-parse --show-toplevel [1ms]
2023-11-02 15:24:39.396 [info] fatal: not a git repository (or any of the parent directories): .git
2023-11-02 15:24:39.407 [info] > git rev-parse --show-toplevel [1ms]
2023-11-02 15:24:39.444 [info] > git rev-parse --git-dir --git-common-dir [1ms]
2023-11-02 15:24:39.454 [info] Open repository: /home/sam/.oh-my-zsh
2023-11-02 15:24:39.483 [info] > git rev-parse --show-toplevel [4ms]
2023-11-02 15:24:39.483 [info] fatal: not a git repository (or any of the parent directories): .git
2023-11-02 15:24:39.484 [info] > git config --get commit.template [10ms]
2023-11-02 15:24:39.497 [info] > git rev-parse --show-toplevel [7ms]
2023-11-02 15:24:39.497 [info] fatal: not a git repository (or any of the parent directories): .git
2023-11-02 15:24:39.503 [info] > git for-each-ref --format=%(refname)%00%(upstream:short)%00%(objectname)%00%(upstream:track)%00%(upstream:remotename)%00%(upstream:remoteref) refs/heads/master refs/remotes/master [7ms]
2023-11-02 15:24:39.510 [info] > git rev-parse --show-toplevel [7ms]
2023-11-02 15:24:39.511 [info] fatal: not a git repository (or any of the parent directories): .git
2023-11-02 15:24:39.543 [info] > git rev-parse --show-toplevel [9ms]
2023-11-02 15:24:39.543 [info] fatal: not a git repository (or any of the parent directories): .git
2023-11-02 15:24:39.564 [info] > git rev-parse --show-toplevel [7ms]
2023-11-02 15:24:39.564 [info] fatal: not a git repository (or any of the parent directories): .git
2023-11-02 15:24:39.576 [info] > git rev-parse --show-toplevel [1ms]
2023-11-02 15:24:39.576 [info] fatal: not a git repository (or any of the parent directories): .git
2023-11-02 15:24:39.588 [info] > git rev-parse --show-toplevel [4ms]
2023-11-02 15:24:39.588 [info] fatal: not a git repository (or any of the parent directories): .git
2023-11-02 15:24:39.616 [info] > git status -z -uall [107ms]
2023-11-02 15:24:39.616 [info] > git rev-parse --show-toplevel [22ms]
2023-11-02 15:24:39.616 [info] fatal: not a git repository (or any of the parent directories): .git
2023-11-02 15:24:39.642 [info] > git config --get commit.template [2ms]
2023-11-02 15:24:39.642 [info] > git rev-parse --show-toplevel [9ms]
2023-11-02 15:24:39.665 [info] > git rev-parse --git-dir --git-common-dir [7ms]
2023-11-02 15:24:39.669 [info] Open repository: /home/sam/yay
2023-11-02 15:24:39.689 [info] > git for-each-ref --format=%(refname)%00%(upstream:short)%00%(objectname)%00%(upstream:track)%00%(upstream:remotename)%00%(upstream:remoteref) refs/heads/master refs/remotes/master [25ms]
2023-11-02 15:24:39.717 [info] > git config --get commit.template [39ms]
2023-11-02 15:24:39.728 [info] > git status -z -uall [31ms]
2023-11-02 15:24:39.729 [info] > git for-each-ref --format=%(refname)%00%(upstream:short)%00%(objectname)%00%(upstream:track)%00%(upstream:remotename)%00%(upstream:remoteref) refs/heads/master refs/remotes/master [2ms]
2023-11-02 15:24:39.742 [info] > git status -z -uall [7ms]
2023-11-02 15:24:39.757 [info] > git config --get commit.template [2ms]
2023-11-02 15:24:39.766 [info] > git for-each-ref --format=%(refname)%00%(upstream:short)%00%(objectname)%00%(upstream:track)%00%(upstream:remotename)%00%(upstream:remoteref) refs/heads/master refs/remotes/master [2ms]
2023-11-02 15:24:39.777 [info] > git status -z -uall [7ms]
2023-11-02 15:24:40.238 [info] > git check-ignore -v -z --stdin [10ms]
2023-11-02 15:24:40.239 [info] > git check-ignore -v -z --stdin [3ms]
