2023-11-02 13:55:24.855 [info] Experiment 'pythonPromptNewFormatterExt' is active
2023-11-02 13:55:24.855 [info] Experiment 'pythonPromptNewToolsExt' is active
2023-11-02 13:55:24.855 [info] Experiment 'pythonSurveyNotification' is active
2023-11-02 13:55:24.855 [info] Experiment 'pythonTestAdaptercf' is active
2023-11-02 13:55:24.855 [info] Default formatter is set to ms-python.autopep8 for workspace /home/sam/Code/Python/DAT565_labs/lab1
2023-11-02 13:55:24.856 [info] Test server listening.
2023-11-02 13:55:24.856 [info] > conda info --json
2023-11-02 13:55:24.856 [info] Python interpreter path: ~/.pyenv/versions/3.11.6/bin/python
2023-11-02 13:55:25.066 [warning] Retry failed, storage update failed for key PYTHON_WORKSPACE_STORAGE_KEYS
2023-11-02 13:55:25.066 [warning] Retry failed, storage update failed for key PYTHON_WORKSPACE_STORAGE_KEYS
2023-11-02 13:55:25.066 [warning] Retry failed, storage update failed for key PYTHON_WORKSPACE_STORAGE_KEYS
2023-11-02 13:55:25.067 [info] Found: /bin/python --> /bin/python3.11
2023-11-02 13:55:25.162 [info] Found: /bin/python3 --> /bin/python3.11
2023-11-02 13:55:25.219 [info] Found: /bin/python3.11 --> /bin/python3.11
2023-11-02 13:55:25.245 [warning] Retry failed, storage update failed for key PYTHON_WORKSPACE_STORAGE_KEYS
2023-11-02 13:55:25.357 [info] > ~/.pyenv/versions/3.11.6/bin/python -I ~/.vscode/extensions/ms-python.python-2023.20.0/pythonFiles/get_output_via_markers.py ~/.vscode/extensions/ms-python.python-2023.20.0/pythonFiles/interpreterInfo.py
2023-11-02 13:55:25.558 [info] Found: /sbin/python --> /sbin/python3.11
2023-11-02 13:55:25.587 [info] Found: /sbin/python3 --> /sbin/python3.11
2023-11-02 13:55:25.600 [info] Found: /sbin/python3.11 --> /sbin/python3.11
2023-11-02 13:55:25.639 [info] Found: /usr/bin/python --> /usr/bin/python3.11
2023-11-02 13:55:25.640 [info] Found: /usr/bin/python3 --> /usr/bin/python3.11
2023-11-02 13:55:25.640 [info] Found: /usr/bin/python3.11 --> /usr/bin/python3.11
2023-11-02 13:55:25.718 [info] Found: /usr/sbin/python --> /usr/sbin/python3.11
2023-11-02 13:55:25.719 [info] Found: /usr/sbin/python3 --> /usr/sbin/python3.11
2023-11-02 13:55:25.719 [info] Found: /usr/sbin/python3.11 --> /usr/sbin/python3.11
2023-11-02 13:55:25.744 [info] > /bin/python -I ~/.vscode/extensions/ms-python.python-2023.20.0/pythonFiles/get_output_via_markers.py ~/.vscode/extensions/ms-python.python-2023.20.0/pythonFiles/interpreterInfo.py
2023-11-02 13:55:25.768 [info] > /sbin/python -I ~/.vscode/extensions/ms-python.python-2023.20.0/pythonFiles/get_output_via_markers.py ~/.vscode/extensions/ms-python.python-2023.20.0/pythonFiles/interpreterInfo.py
2023-11-02 13:55:25.809 [info] > /usr/bin/python -I ~/.vscode/extensions/ms-python.python-2023.20.0/pythonFiles/get_output_via_markers.py ~/.vscode/extensions/ms-python.python-2023.20.0/pythonFiles/interpreterInfo.py
2023-11-02 13:55:25.831 [info] > /usr/sbin/python -I ~/.vscode/extensions/ms-python.python-2023.20.0/pythonFiles/get_output_via_markers.py ~/.vscode/extensions/ms-python.python-2023.20.0/pythonFiles/interpreterInfo.py
2023-11-02 13:55:26.598 [info] Starting Pylance language server.
