2023-11-02 13:51:08.278 [info] Name: autopep8
2023-11-02 13:51:08.278 [info] Module: autopep8
2023-11-02 13:51:08.278 [info] Python extension loading
2023-11-02 13:51:08.278 [info] Waiting for interpreter from python extension.
2023-11-02 13:51:08.278 [info] No interpreter found from setting autopep8.interpreter
2023-11-02 13:51:08.278 [info] Getting interpreter from ms-python.python extension for workspace /home/sam/Code/Python/DAT565_labs/lab1
2023-11-02 13:51:08.278 [info] Python extension loaded
2023-11-02 13:51:08.278 [info] Interpreter from ms-python.python extension for /home/sam/Code/Python/DAT565_labs/lab1: /bin/python
2023-11-02 13:51:08.278 [info] No interpreter found from setting autopep8.interpreter
2023-11-02 13:51:08.278 [info] Getting interpreter from ms-python.python extension for workspace /home/sam/Code/Python/DAT565_labs/lab1
2023-11-02 13:51:08.278 [info] Interpreter from ms-python.python extension for /home/sam/Code/Python/DAT565_labs/lab1: /bin/python
2023-11-02 13:51:08.278 [info] Server run command: /bin/python /home/sam/.vscode/extensions/ms-python.autopep8-2023.6.0/bundled/tool/lsp_server.py
2023-11-02 13:51:08.278 [info] Server: Start requested.
2023-11-02 13:51:09.116 [info] CWD Server: /home/sam/Code/Python/DAT565_labs/lab1
2023-11-02 13:51:09.201 [info] sys.path used to run Server:
   /home/sam/.vscode/extensions/ms-python.autopep8-2023.6.0/bundled/libs
   /home/sam/.vscode/extensions/ms-python.autopep8-2023.6.0/bundled/tool
   /usr/lib/python311.zip
   /usr/lib/python3.11
   /usr/lib/python3.11/lib-dynload
   /usr/lib/python3.11/site-packages
2023-11-02 13:51:09.259 [info] PYTHONPATH env variable used to run Server:
   /home/sam/.vscode/extensions/ms-python.autopep8-2023.6.0/bundled/libs:
2023-11-02 13:51:09.312 [info] Settings used to run Server:
[
    {
        "cwd": "/home/sam/Code/Python/DAT565_labs/lab1",
        "workspace": "file:///home/sam/Code/Python/DAT565_labs/lab1",
        "args": [],
        "path": [],
        "interpreter": [
            "/bin/python"
        ],
        "importStrategy": "useBundled",
        "showNotifications": "off"
    }
]

2023-11-02 13:51:09.339 [info] Global settings:
{
    "cwd": "/home/sam",
    "workspace": "/home/sam",
    "args": [],
    "path": [],
    "interpreter": [],
    "importStrategy": "useBundled",
    "showNotifications": "off"
}

2023-11-02 13:51:09.373 [info] /bin/python -m autopep8 --version
2023-11-02 13:51:09.419 [info] CWD Server: /home/sam/Code/Python/DAT565_labs/lab1
2023-11-02 13:51:09.446 [info] Version info for formatter running for /home/sam/Code/Python/DAT565_labs/lab1:
autopep8 2.0.2 (pycodestyle: 2.10.0)

2023-11-02 13:51:09.451 [info] SUPPORTED autopep8>=1.7.0
FOUND autopep8==2.0.2

2023-11-02 13:51:09.451 [info] /bin/python -m autopep8 --version
2023-11-02 13:51:09.452 [info] CWD Server: /home/sam/Code/Python/DAT565_labs/lab1
2023-11-02 13:51:09.475 [info] Version info for formatter running for /home/sam/Code/Python/DAT565_labs/lab1:
autopep8 2.0.2 (pycodestyle: 2.10.0)

2023-11-02 13:51:09.476 [info] SUPPORTED autopep8>=1.7.0
FOUND autopep8==2.0.2

2023-11-02 13:51:30.443 [info] No interpreter found from setting autopep8.interpreter
2023-11-02 13:51:30.443 [info] Getting interpreter from ms-python.python extension for workspace /home/sam/Code/Python/DAT565_labs/lab1
2023-11-02 13:51:30.446 [info] Interpreter from ms-python.python extension for /home/sam/Code/Python/DAT565_labs/lab1: /home/sam/.pyenv/versions/3.11.6/bin/python
2023-11-02 13:51:30.449 [info] Server: Stop requested
2023-11-02 13:51:30.449 [info] [Trace - 1:51:30 PM] Sending request 'shutdown - (1)'.
2023-11-02 13:51:30.457 [info] [Trace - 1:51:30 PM] Received response 'shutdown - (1)' in 8ms.
2023-11-02 13:51:30.457 [info] [Trace - 1:51:30 PM] Sending notification 'exit'.
2023-11-02 13:51:30.457 [info] No interpreter found from setting autopep8.interpreter
2023-11-02 13:51:30.457 [info] Getting interpreter from ms-python.python extension for workspace /home/sam/Code/Python/DAT565_labs/lab1
2023-11-02 13:51:30.458 [info] Interpreter from ms-python.python extension for /home/sam/Code/Python/DAT565_labs/lab1: /home/sam/.pyenv/versions/3.11.6/bin/python
2023-11-02 13:51:30.465 [info] Server run command: /home/sam/.pyenv/versions/3.11.6/bin/python /home/sam/.vscode/extensions/ms-python.autopep8-2023.6.0/bundled/tool/lsp_server.py
2023-11-02 13:51:30.465 [info] Server: Start requested.
2023-11-02 13:51:31.220 [info] CWD Server: /home/sam/Code/Python/DAT565_labs/lab1
2023-11-02 13:51:31.221 [info] sys.path used to run Server:
   /home/sam/.vscode/extensions/ms-python.autopep8-2023.6.0/bundled/libs
   /home/sam/.vscode/extensions/ms-python.autopep8-2023.6.0/bundled/tool
   /home/sam/.pyenv/versions/3.11.6/lib/python311.zip
   /home/sam/.pyenv/versions/3.11.6/lib/python3.11
   /home/sam/.pyenv/versions/3.11.6/lib/python3.11/lib-dynload
   /home/sam/.pyenv/versions/3.11.6/lib/python3.11/site-packages
2023-11-02 13:51:31.221 [info] PYTHONPATH env variable used to run Server:
   /home/sam/.vscode/extensions/ms-python.autopep8-2023.6.0/bundled/libs:
2023-11-02 13:51:31.221 [info] Settings used to run Server:
[
    {
        "cwd": "/home/sam/Code/Python/DAT565_labs/lab1",
        "workspace": "file:///home/sam/Code/Python/DAT565_labs/lab1",
        "args": [],
        "path": [],
        "interpreter": [
            "/home/sam/.pyenv/versions/3.11.6/bin/python"
        ],
        "importStrategy": "useBundled",
        "showNotifications": "off"
    }
]

2023-11-02 13:51:31.221 [info] Global settings:
{
    "cwd": "/home/sam",
    "workspace": "/home/sam",
    "args": [],
    "path": [],
    "interpreter": [],
    "importStrategy": "useBundled",
    "showNotifications": "off"
}

2023-11-02 13:51:31.223 [info] /home/sam/.pyenv/versions/3.11.6/bin/python -m autopep8 --version
2023-11-02 13:51:31.223 [info] CWD Server: /home/sam/Code/Python/DAT565_labs/lab1
2023-11-02 13:51:31.287 [info] Version info for formatter running for /home/sam/Code/Python/DAT565_labs/lab1:
autopep8 2.0.2 (pycodestyle: 2.10.0)

2023-11-02 13:51:31.287 [info] SUPPORTED autopep8>=1.7.0
FOUND autopep8==2.0.2

2023-11-02 13:51:31.287 [info] /home/sam/.pyenv/versions/3.11.6/bin/python -m autopep8 --version
2023-11-02 13:51:31.287 [info] CWD Server: /home/sam/Code/Python/DAT565_labs/lab1
2023-11-02 13:51:31.345 [info] Version info for formatter running for /home/sam/Code/Python/DAT565_labs/lab1:
autopep8 2.0.2 (pycodestyle: 2.10.0)

2023-11-02 13:51:31.345 [info] SUPPORTED autopep8>=1.7.0
FOUND autopep8==2.0.2

2023-11-02 13:52:27.970 [info] [Trace - 1:52:27 PM] Sending notification 'textDocument/didClose'.
2023-11-02 13:52:36.597 [info] [Trace - 1:52:36 PM] Sending notification 'textDocument/didClose'.
2023-11-02 13:52:37.916 [info] [Trace - 1:52:37 PM] Sending notification 'textDocument/didClose'.
2023-11-02 13:52:39.210 [info] [Trace - 1:52:39 PM] Sending notification 'textDocument/didChange'.
2023-11-02 13:52:39.334 [info] [Trace - 1:52:39 PM] Sending notification 'textDocument/didChange'.
2023-11-02 13:52:39.398 [info] [Trace - 1:52:39 PM] Sending notification 'textDocument/didChange'.
2023-11-02 13:52:39.550 [info] [Trace - 1:52:39 PM] Sending notification 'textDocument/didChange'.
2023-11-02 13:52:39.631 [info] [Trace - 1:52:39 PM] Sending notification 'textDocument/didChange'.
2023-11-02 13:52:39.868 [info] [Trace - 1:52:39 PM] Sending notification 'textDocument/didChange'.
2023-11-02 13:52:40.292 [info] [Trace - 1:52:40 PM] Sending notification 'textDocument/didChange'.
2023-11-02 13:52:40.718 [info] [Trace - 1:52:40 PM] Sending notification 'textDocument/didChange'.
2023-11-02 13:52:40.832 [info] [Trace - 1:52:40 PM] Sending notification 'textDocument/didChange'.
2023-11-02 13:52:40.927 [info] [Trace - 1:52:40 PM] Sending notification 'textDocument/didChange'.
2023-11-02 13:52:41.088 [info] [Trace - 1:52:41 PM] Sending notification 'textDocument/didChange'.
2023-11-02 13:52:41.184 [info] [Trace - 1:52:41 PM] Sending notification 'textDocument/didChange'.
2023-11-02 13:52:41.612 [info] [Trace - 1:52:41 PM] Sending notification 'textDocument/didChange'.
2023-11-02 13:52:41.757 [info] [Trace - 1:52:41 PM] Sending notification 'textDocument/didChange'.
2023-11-02 13:52:41.825 [info] [Trace - 1:52:41 PM] Sending notification 'textDocument/didChange'.
2023-11-02 13:52:41.954 [info] [Trace - 1:52:41 PM] Sending notification 'textDocument/didChange'.
2023-11-02 13:52:42.037 [info] [Trace - 1:52:42 PM] Sending notification 'textDocument/didChange'.
2023-11-02 13:52:42.175 [info] [Trace - 1:52:42 PM] Sending notification 'textDocument/didChange'.
2023-11-02 13:52:42.209 [info] [Trace - 1:52:42 PM] Sending notification 'textDocument/didChange'.
2023-11-02 13:52:42.378 [info] [Trace - 1:52:42 PM] Sending notification 'textDocument/didChange'.
2023-11-02 13:52:46.388 [info] [Trace - 1:52:46 PM] Sending notification 'textDocument/didChange'.
2023-11-02 13:52:47.251 [info] [Trace - 1:52:47 PM] Sending notification 'textDocument/didChange'.
2023-11-02 13:52:47.656 [info] [Trace - 1:52:47 PM] Sending notification 'textDocument/didChange'.
2023-11-02 13:52:48.026 [info] [Trace - 1:52:48 PM] Sending notification 'textDocument/didChange'.
2023-11-02 13:52:48.154 [info] [Trace - 1:52:48 PM] Sending notification 'textDocument/didChange'.
2023-11-02 13:52:48.353 [info] [Trace - 1:52:48 PM] Sending notification 'textDocument/didChange'.
2023-11-02 13:52:48.493 [info] [Trace - 1:52:48 PM] Sending notification 'textDocument/didChange'.
2023-11-02 13:52:48.558 [info] [Trace - 1:52:48 PM] Sending notification 'textDocument/didChange'.
2023-11-02 13:52:48.775 [info] [Trace - 1:52:48 PM] Sending notification 'textDocument/didChange'.
2023-11-02 13:52:48.793 [info] [Trace - 1:52:48 PM] Sending notification 'textDocument/didChange'.
2023-11-02 13:52:48.900 [info] [Trace - 1:52:48 PM] Sending notification 'textDocument/didChange'.
2023-11-02 13:52:49.245 [info] [Trace - 1:52:49 PM] Sending notification 'textDocument/didChange'.
2023-11-02 13:52:49.329 [info] [Trace - 1:52:49 PM] Sending notification 'textDocument/didChange'.
2023-11-02 13:52:49.793 [info] [Trace - 1:52:49 PM] Sending notification 'textDocument/didChange'.
2023-11-02 13:52:49.893 [info] [Trace - 1:52:49 PM] Sending notification 'textDocument/didChange'.
2023-11-02 13:52:55.169 [info] [Trace - 1:52:55 PM] Sending notification 'textDocument/didChange'.
2023-11-02 13:52:55.265 [info] [Trace - 1:52:55 PM] Sending notification 'textDocument/didChange'.
2023-11-02 13:52:55.344 [info] [Trace - 1:52:55 PM] Sending notification 'textDocument/didChange'.
2023-11-02 13:52:55.445 [info] [Trace - 1:52:55 PM] Sending notification 'textDocument/didChange'.
2023-11-02 13:52:55.630 [info] [Trace - 1:52:55 PM] Sending notification 'textDocument/didChange'.
2023-11-02 13:52:55.678 [info] [Trace - 1:52:55 PM] Sending notification 'textDocument/didChange'.
2023-11-02 13:52:56.843 [info] [Trace - 1:52:56 PM] Sending notification 'textDocument/didChange'.
2023-11-02 13:52:57.406 [info] [Trace - 1:52:57 PM] Sending notification 'textDocument/didChange'.
2023-11-02 13:52:57.620 [info] [Trace - 1:52:57 PM] Sending notification 'textDocument/didChange'.
2023-11-02 13:52:57.857 [info] [Trace - 1:52:57 PM] Sending notification 'textDocument/didChange'.
2023-11-02 13:52:57.995 [info] [Trace - 1:52:57 PM] Sending notification 'textDocument/didChange'.
2023-11-02 13:52:58.073 [info] [Trace - 1:52:58 PM] Sending notification 'textDocument/didChange'.
2023-11-02 13:52:58.204 [info] [Trace - 1:52:58 PM] Sending notification 'textDocument/didChange'.
2023-11-02 13:52:58.254 [info] [Trace - 1:52:58 PM] Sending notification 'textDocument/didChange'.
2023-11-02 13:52:58.344 [info] [Trace - 1:52:58 PM] Sending notification 'textDocument/didChange'.
2023-11-02 13:52:58.439 [info] [Trace - 1:52:58 PM] Sending notification 'textDocument/didChange'.
2023-11-02 13:52:58.567 [info] [Trace - 1:52:58 PM] Sending notification 'textDocument/didChange'.
2023-11-02 13:52:58.721 [info] [Trace - 1:52:58 PM] Sending notification 'textDocument/didChange'.
2023-11-02 13:52:58.806 [info] [Trace - 1:52:58 PM] Sending notification 'textDocument/didChange'.
2023-11-02 13:52:58.883 [info] [Trace - 1:52:58 PM] Sending notification 'textDocument/didChange'.
2023-11-02 13:52:58.979 [info] [Trace - 1:52:58 PM] Sending notification 'textDocument/didChange'.
2023-11-02 13:52:59.098 [info] [Trace - 1:52:59 PM] Sending notification 'textDocument/didChange'.
2023-11-02 13:52:59.191 [info] [Trace - 1:52:59 PM] Sending notification 'textDocument/didChange'.
2023-11-02 13:52:59.275 [info] [Trace - 1:52:59 PM] Sending notification 'textDocument/didChange'.
2023-11-02 13:52:59.443 [info] [Trace - 1:52:59 PM] Sending notification 'textDocument/didChange'.
2023-11-02 13:52:59.601 [info] [Trace - 1:52:59 PM] Sending notification 'textDocument/didChange'.
2023-11-02 13:53:17.747 [info] [Trace - 1:53:17 PM] Sending notification 'textDocument/didChange'.
2023-11-02 13:53:18.415 [info] [Trace - 1:53:18 PM] Sending notification 'textDocument/didChange'.
2023-11-02 13:53:18.618 [info] [Trace - 1:53:18 PM] Sending notification 'textDocument/didChange'.
2023-11-02 13:53:18.838 [info] [Trace - 1:53:18 PM] Sending notification 'textDocument/didChange'.
2023-11-02 13:53:18.991 [info] [Trace - 1:53:18 PM] Sending notification 'textDocument/didChange'.
2023-11-02 13:53:19.063 [info] [Trace - 1:53:19 PM] Sending notification 'textDocument/didChange'.
2023-11-02 13:53:19.189 [info] [Trace - 1:53:19 PM] Sending notification 'textDocument/didChange'.
2023-11-02 13:53:19.247 [info] [Trace - 1:53:19 PM] Sending notification 'textDocument/didChange'.
2023-11-02 13:53:20.261 [info] [Trace - 1:53:20 PM] Sending notification 'textDocument/didChange'.
2023-11-02 13:53:20.341 [info] [Trace - 1:53:20 PM] Sending notification 'textDocument/didChange'.
2023-11-02 13:53:20.422 [info] [Trace - 1:53:20 PM] Sending notification 'textDocument/didChange'.
2023-11-02 13:53:20.537 [info] [Trace - 1:53:20 PM] Sending notification 'textDocument/didChange'.
2023-11-02 13:53:20.698 [info] [Trace - 1:53:20 PM] Sending notification 'textDocument/didChange'.
2023-11-02 13:53:21.157 [info] [Trace - 1:53:21 PM] Sending notification 'textDocument/didChange'.
2023-11-02 13:53:21.289 [info] [Trace - 1:53:21 PM] Sending notification 'textDocument/didChange'.
2023-11-02 13:53:21.478 [info] [Trace - 1:53:21 PM] Sending notification 'textDocument/didChange'.
2023-11-02 13:53:21.580 [info] [Trace - 1:53:21 PM] Sending notification 'textDocument/didChange'.
2023-11-02 13:53:22.052 [info] [Trace - 1:53:22 PM] Sending notification 'textDocument/didChange'.
2023-11-02 13:53:22.575 [info] [Trace - 1:53:22 PM] Sending notification 'textDocument/didChange'.
2023-11-02 13:53:22.708 [info] [Trace - 1:53:22 PM] Sending notification 'textDocument/didChange'.
2023-11-02 13:53:22.775 [info] [Trace - 1:53:22 PM] Sending notification 'textDocument/didChange'.
2023-11-02 13:53:22.840 [info] [Trace - 1:53:22 PM] Sending notification 'textDocument/didChange'.
2023-11-02 13:53:22.969 [info] [Trace - 1:53:22 PM] Sending notification 'textDocument/didChange'.
2023-11-02 13:53:23.129 [info] [Trace - 1:53:23 PM] Sending notification 'textDocument/didChange'.
2023-11-02 13:53:23.182 [info] [Trace - 1:53:23 PM] Sending notification 'textDocument/didChange'.
2023-11-02 13:55:18.826 [info] [Trace - 1:55:18 PM] Sending request 'shutdown - (1)'.
2023-11-02 13:55:18.861 [info] [Trace - 1:55:18 PM] Received response 'shutdown - (1)' in 59ms.
2023-11-02 13:55:18.861 [info] [Trace - 1:55:18 PM] Sending notification 'exit'.
