2023-11-02 15:24:35.234 [info] Using settings sync service https://vscode-sync.trafficmanager.net/
2023-11-02 15:24:35.234 [info] Auto Sync is enabled.
2023-11-02 15:24:35.234 [info] Auto Sync: Suspended until auth token is available.
2023-11-02 15:24:35.677 [info] Deleting non existing profile from backup /home/sam/.config/Code/User/sync/extensions
2023-11-02 15:24:35.845 [info] Auto Sync: Triggered by Interval
2023-11-02 15:24:35.845 [info] Sync started.
2023-11-02 15:24:35.976 [info] Deleting non existing profile from backup /home/sam/.config/Code/User/sync/globalState
2023-11-02 15:24:36.368 [info] Settings: Last sync resource does not exist locally.
2023-11-02 15:24:36.429 [info] Deleting non existing profile from backup /home/sam/.config/Code/User/sync/profiles
2023-11-02 15:24:36.730 [info] Deleting non existing profile from backup /home/sam/.config/Code/User/sync/snippets
2023-11-02 15:24:36.732 [info] Deleting non existing profile from backup /home/sam/.config/Code/User/sync/tasks
2023-11-02 15:24:36.883 [info] Settings: No changes found during synchronizing settings.
2023-11-02 15:24:36.939 [info] Keybindings: Last sync resource does not exist locally.
2023-11-02 15:24:37.087 [info] Keybindings: No changes found during synchronizing keybindings.
2023-11-02 15:24:37.120 [info] Snippets: Last sync resource does not exist locally.
2023-11-02 15:24:37.168 [info] Snippets: No changes found during synchronizing snippets.
2023-11-02 15:24:37.169 [info] Tasks: Last sync resource does not exist locally.
2023-11-02 15:24:37.291 [info] Tasks: No changes found during synchronizing tasks.
2023-11-02 15:24:37.293 [info] GlobalState: Last sync resource does not exist locally.
2023-11-02 15:24:38.389 [info] GlobalState: Updated remote ui state. Updated: workbench.activity.pinnedViewlets2,workbench.statusbar.hidden.
2023-11-02 15:24:38.397 [info] GlobalState: Updated last synchronized ui state
2023-11-02 15:24:38.399 [info] Extensions: Last sync resource does not exist locally.
2023-11-02 15:24:38.537 [info] Extensions: No changes found during synchronizing extensions.
2023-11-02 15:24:38.539 [info] Profiles: Last sync resource does not exist locally.
2023-11-02 15:24:38.592 [info] Profiles: No changes found during synchronizing profiles.
2023-11-02 15:24:38.594 [info] Sync done. Took 2749ms
2023-11-02 15:24:41.255 [info] Auto Sync: Triggered by Activity
2023-11-02 15:24:41.256 [info] Sync started.
2023-11-02 15:24:41.319 [info] Settings: No changes found during synchronizing settings.
2023-11-02 15:24:41.322 [info] Keybindings: No changes found during synchronizing keybindings.
2023-11-02 15:24:41.325 [info] Snippets: No changes found during synchronizing snippets.
2023-11-02 15:24:41.327 [info] Tasks: No changes found during synchronizing tasks.
2023-11-02 15:24:41.876 [info] GlobalState: Updated remote ui state. Updated: workbench.activity.pinnedViewlets2.
2023-11-02 15:24:41.883 [info] GlobalState: Updated last synchronized ui state
2023-11-02 15:24:41.953 [info] Extensions: No changes found during synchronizing extensions.
2023-11-02 15:24:41.954 [info] Profiles: No changes found during synchronizing profiles.
2023-11-02 15:24:41.956 [info] Sync done. Took 701ms
