{"level":30,"time":"2023-12-26T19:11:46.646Z","msg":"got fast localeOverride setting null"}
{"level":30,"time":"2023-12-26T19:11:46.647Z","msg":"app.ready: hour cycle preference: UnknownPreference"}
{"level":30,"time":"2023-12-26T19:11:46.647Z","msg":"app.ready: preferred system locales: en-US, en"}
{"level":30,"time":"2023-12-26T19:11:46.647Z","msg":"locale: Supported locales: af-ZA, ar, az-AZ, bg-BG, bn-BD, bs-BA, ca, cs, da, de, el, en, es, et-EE, eu, fa-IR, fi, fr, ga-IE, gl-ES, gu-IN, he, hi-IN, hr-HR, hu, id, it, ja, ka-GE, kk-KZ, km-KH, kn-IN, ko, ky-KG, lt-LT, lv-LV, mk-MK, ml-IN, mr-IN, ms, my, nb, nl, pa-IN, pl, pt-BR, pt-PT, ro-RO, ru, sk-SK, sl-SI, sq-AL, sr, sv, sw, ta-IN, te-IN, th, tl-PH, tr, ug, uk-UA, ur, vi, yue, zh-CN, zh-HK, zh-Hant"}
{"level":30,"time":"2023-12-26T19:11:46.647Z","msg":"locale: Preferred locales: en-US, en"}
{"level":30,"time":"2023-12-26T19:11:46.647Z","msg":"locale: Locale Override: null"}
{"level":30,"time":"2023-12-26T19:11:46.648Z","msg":"locale: Matched locale: en"}
{"level":40,"time":"2023-12-26T19:11:46.672Z","msg":"intl.onWarn [@formatjs/intl] \"defaultRichTextElements\" was specified but \"message\" was not pre-compiled. \nPlease consider using \"@formatjs/cli\" to pre-compile your messages for performance.\nFor more details see https://formatjs.io/docs/getting-started/message-distribution"}
{"level":30,"time":"2023-12-26T19:11:46.673Z","msg":"locale: Text info direction for en: ltr"}
{"level":30,"time":"2023-12-26T19:11:46.673Z","msg":"app ready"}
{"level":30,"time":"2023-12-26T19:11:46.674Z","msg":"starting version 6.42.1"}
{"level":30,"time":"2023-12-26T19:11:46.674Z","msg":"media access status [object Undefined] [object Undefined]"}
{"level":30,"time":"2023-12-26T19:11:46.675Z","msg":"got fast theme-setting value system"}
{"level":40,"time":"2023-12-26T19:11:46.675Z","msg":"MainSQL: Database log code=283: recovered 309 frames from WAL file [REDACTED]/sql/db.sqlite-wal"}
{"level":30,"time":"2023-12-26T19:11:46.675Z","msg":"MainSQL: updateSchema:\n  Current user_version: 970;\n  Most recent db schema: 970;\n  SQLite version: 3.42.0;\n  SQLCipher version: 4.5.5 community;\n  (deprecated) schema_version: 439;\n"}
{"level":30,"time":"2023-12-26T19:11:46.676Z","msg":"got fast theme-setting value system"}
{"level":30,"time":"2023-12-26T19:11:46.676Z","msg":"got fast spellcheck setting true"}
{"level":30,"time":"2023-12-26T19:11:46.676Z","msg":"getSystemTraySetting had no flags and did no DB lookups. Returning DoNotUseSystemTray"}
{"level":30,"time":"2023-12-26T19:11:46.677Z","msg":"Initializing BrowserWindow config: {\"show\":false,\"width\":956,\"height\":1172,\"minWidth\":300,\"minHeight\":200,\"autoHideMenuBar\":false,\"titleBarStyle\":\"default\",\"titleBarOverlay\":false,\"backgroundColor\":\"#121212\",\"webPreferences\":{\"devTools\":false,\"spellcheck\":true,\"enableBlinkFeatures\":\"CSSPseudoDir,CSSLogical\",\"nodeIntegration\":false,\"nodeIntegrationInWorker\":false,\"sandbox\":false,\"contextIsolation\":true,\"preload\":\"[REDACTED]/preload.bundle.js\",\"backgroundThrottling\":true,\"enablePreferredSizeMode\":true,\"disableBlinkFeatures\":\"Accelerated2dCanvas,AcceleratedSmallCanvases\"},\"icon\":\"[REDACTED]/images/signal-logo-desktop-linux.png\",\"x\":962,\"y\":26}"}
{"level":30,"time":"2023-12-26T19:11:46.706Z","msg":"spellcheck: user locales: [\"en-US\",\"en\"]"}
{"level":30,"time":"2023-12-26T19:11:46.706Z","msg":"spellcheck: available spellchecker languages: [\"af\",\"bg\",\"ca\",\"cs\",\"cy\",\"da\",\"de\",\"de-DE\",\"el\",\"en\",\"en-AU\",\"en-CA\",\"en-GB\",\"en-GB-oxendict\",\"en-US\",\"es\",\"es-419\",\"es-AR\",\"es-ES\",\"es-MX\",\"es-US\",\"et\",\"fa\",\"fo\",\"fr\",\"fr-FR\",\"he\",\"hi\",\"hr\",\"hu\",\"hy\",\"id\",\"it\",\"it-IT\",\"ko\",\"lt\",\"lv\",\"nb\",\"nl\",\"pl\",\"pt\",\"pt-BR\",\"pt-PT\",\"ro\",\"ru\",\"sh\",\"sk\",\"sl\",\"sq\",\"sr\",\"sv\",\"ta\",\"tg\",\"tr\",\"uk\",\"vi\"]"}
{"level":30,"time":"2023-12-26T19:11:46.706Z","msg":"spellcheck: setting languages to: [\"en-US\",\"en\"]"}
{"level":30,"time":"2023-12-26T19:11:47.059Z","msg":"got fast theme-setting value system"}
{"level":30,"time":"2023-12-26T19:11:47.641Z","msg":"got fast spellcheck setting true"}
{"level":30,"time":"2023-12-26T19:11:47.642Z","msg":"main window is ready-to-show"}
{"level":30,"time":"2023-12-26T19:11:47.642Z","msg":"showing main window"}
{"level":30,"time":"2023-12-26T19:11:47.650Z","msg":"System tray service: created"}
{"level":30,"time":"2023-12-26T19:11:47.650Z","msg":"System tray service: updating main window. Previously, there was not a window, and now there is"}
{"level":30,"time":"2023-12-26T19:11:47.650Z","msg":"System tray service: rendering no tray"}
{"level":30,"time":"2023-12-26T19:11:47.650Z","msg":"Begin ensuring permissions"}
{"level":30,"time":"2023-12-26T19:11:47.652Z","msg":"Ensuring file permissions for 4 files"}
{"level":30,"time":"2023-12-26T19:11:47.653Z","msg":"Finish ensuring permissions in 3ms"}
{"level":30,"time":"2023-12-26T19:11:47.700Z","msg":"deleteAllBadges: deleted 0 files"}
{"level":30,"time":"2023-12-26T19:11:47.717Z","msg":"MainSQL: removeKnownStickers: About to iterate through 420 stickers"}
{"level":30,"time":"2023-12-26T19:11:47.720Z","msg":"MainSQL: removeKnownStickers: Done processing 420 stickers"}
{"level":30,"time":"2023-12-26T19:11:47.720Z","msg":"deleteAllStickers: deleted 0 files"}
{"level":30,"time":"2023-12-26T19:11:47.721Z","msg":"MainSQL: removeKnownDraftAttachments: About to iterate through 63 conversations"}
{"level":30,"time":"2023-12-26T19:11:47.726Z","msg":"MainSQL: removeKnownDraftAttachments: Done processing 63 conversations"}
{"level":30,"time":"2023-12-26T19:11:47.727Z","msg":"deleteAllDraftAttachments: deleted 0 files"}
{"level":30,"time":"2023-12-26T19:11:47.738Z","msg":"cleanupOrphanedAttachments: found 407 attachments on disk"}
{"level":30,"time":"2023-12-26T19:11:47.738Z","msg":"MainSQL: getKnownConversationAttachments: About to iterate through 63"}
{"level":30,"time":"2023-12-26T19:11:47.741Z","msg":"MainSQL: getKnownConversationAttachments: Done processing"}
{"level":30,"time":"2023-12-26T19:11:47.741Z","msg":"cleanupOrphanedAttachments: found 23 conversation attachments (1 missing), 385 remain"}
{"level":30,"time":"2023-12-26T19:11:47.741Z","msg":"cleanupOrphanedAttachments: took 50ms"}
{"level":30,"time":"2023-12-26T19:11:47.742Z","msg":"Begin ensuring permissions"}
{"level":30,"time":"2023-12-26T19:11:47.743Z","msg":"MainSQL: getKnownMessageAttachments(b8cf0cebe1e9b09a): Starting iteration through 3186 messages"}
{"level":30,"time":"2023-12-26T19:11:47.761Z","msg":"Ensuring file permissions for 1371 files"}
{"level":50,"time":"2023-12-26T19:11:47.768Z","msg":"ensureFilePermissions: Error from chmod ENOENT: no such file or directory, chmod '[REDACTED]/SingletonCookie'"}
{"level":50,"time":"2023-12-26T19:11:47.768Z","msg":"ensureFilePermissions: Error from chmod ENOENT: no such file or directory, chmod '[REDACTED]/SingletonLock'"}
{"level":30,"time":"2023-12-26T19:11:47.795Z","msg":"Finish ensuring permissions in 53ms"}
{"level":30,"time":"2023-12-26T19:11:47.798Z","msg":"MainSQL: slow query getKnownMessageAttachments duration=57ms"}
{"level":30,"time":"2023-12-26T19:11:47.910Z","msg":"MainSQL: slow query getAllStories duration=86ms"}
{"level":30,"time":"2023-12-26T19:11:48.033Z","msg":"Prevent display sleep service: allowing display sleep"}
{"level":30,"time":"2023-12-26T19:11:48.033Z","msg":"Background throttling enabled because no call is active"}
{"level":30,"time":"2023-12-26T19:11:48.145Z","msg":"MainSQL: finishGetKnownMessageAttachments(b8cf0cebe1e9b09a): reached the end after processing 3186 messages"}
{"level":30,"time":"2023-12-26T19:11:48.145Z","msg":"cleanupOrphanedAttachments: found 370 message attachments, (0 missing) 15 remain"}
{"level":30,"time":"2023-12-26T19:11:48.153Z","msg":"deleteAll: deleted 15 files"}
{"level":30,"time":"2023-12-26T19:11:48.153Z","msg":"deleteOrphanedAttachments: took 412ms"}
{"level":30,"time":"2023-12-26T19:11:48.157Z","msg":"Updating BrowserWindow config: %s {\"maximized\":false,\"autoHideMenuBar\":false,\"fullscreen\":false,\"width\":1920,\"height\":1176,\"x\":0,\"y\":24}"}
{"level":30,"time":"2023-12-26T19:11:48.158Z","msg":"config/set: Saving ephemeral config to disk"}
{"level":30,"time":"2023-12-26T19:11:48.159Z","msg":"config/set: Saved ephemeral config to disk"}
{"level":40,"time":"2023-12-26T19:11:48.709Z","msg":"MainSQL: getAllUnprocessedAndIncrementAttempts: deleting 2 invalid unprocessed envelopes"}
{"level":30,"time":"2023-12-26T19:11:53.107Z","msg":"updater/start: Updates disabled - not starting new version checks"}
{"level":30,"time":"2023-12-26T19:11:53.107Z","msg":"System tray service: setting unread count to 3"}
{"level":30,"time":"2023-12-26T19:11:53.107Z","msg":"System tray service: rendering no tray"}
{"level":30,"time":"2023-12-26T19:11:53.108Z","msg":"App loaded - time: 6435"}
{"level":30,"time":"2023-12-26T19:11:53.108Z","msg":"SQL init - time: 30"}
{"level":30,"time":"2023-12-26T19:11:53.108Z","msg":"Preload - time: 556"}
{"level":30,"time":"2023-12-26T19:11:53.108Z","msg":"WebSocket connect - time: 792"}
{"level":30,"time":"2023-12-26T19:11:53.108Z","msg":"Processed count: 1346"}
{"level":30,"time":"2023-12-26T19:11:53.108Z","msg":"Messages per second: 264.59602909376844"}
{"level":30,"time":"2023-12-26T19:11:53.261Z","msg":"System tray service: setting unread count to 2"}
{"level":30,"time":"2023-12-26T19:11:53.261Z","msg":"System tray service: rendering no tray"}
{"level":30,"time":"2023-12-26T19:11:54.265Z","msg":"System tray service: setting unread count to 4"}
{"level":30,"time":"2023-12-26T19:11:54.265Z","msg":"System tray service: rendering no tray"}
{"level":30,"time":"2023-12-26T19:11:57.062Z","msg":"System tray service: setting unread count to 2"}
{"level":30,"time":"2023-12-26T19:11:57.062Z","msg":"System tray service: rendering no tray"}
{"level":30,"time":"2023-12-26T19:12:10.196Z","msg":"MainSQL: deleteSentProtoRecipient: Deleting proto payload for timestamp 1703617919493"}
{"level":40,"time":"2023-12-26T19:14:13.281Z","msg":"MainSQL: getAllUnprocessedAndIncrementAttempts: deleting 2 invalid unprocessed envelopes"}
{"level":30,"time":"2023-12-26T19:16:21.040Z","msg":"close event {\"readyForShutdown\":false,\"shouldQuit\":false}"}
{"level":30,"time":"2023-12-26T19:16:21.041Z","msg":"System tray service: rendering no tray"}
{"level":30,"time":"2023-12-26T19:16:21.042Z","msg":"requestShutdown: Requesting close of mainWindow..."}
{"level":30,"time":"2023-12-26T19:16:21.096Z","msg":"requestShutdown: Response received"}
{"level":30,"time":"2023-12-26T19:16:21.098Z","msg":"before-quit event {\"readyForShutdown\":true,\"shouldQuit\":false,\"hasEventBeenPrevented\":false,\"windowCount\":1,\"mainWindowExists\":true,\"mainWindowIsFullScreen\":false}"}
{"level":30,"time":"2023-12-26T19:16:21.098Z","msg":"System tray service: markShouldQuit"}
{"level":30,"time":"2023-12-26T19:16:21.098Z","msg":"close event {\"readyForShutdown\":true,\"shouldQuit\":true}"}
{"level":30,"time":"2023-12-26T19:16:21.100Z","msg":"main window closed event"}
{"level":30,"time":"2023-12-26T19:16:21.100Z","msg":"System tray service: updating main window. Previously, there was a window, and now there is not"}
{"level":30,"time":"2023-12-26T19:16:21.100Z","msg":"System tray service: rendering no tray"}
{"level":30,"time":"2023-12-26T19:16:21.100Z","msg":"will-quit event {\"hasEventBeenPrevented\":false,\"windowCount\":0,\"mainWindowExists\":false}"}
{"level":30,"time":"2023-12-26T19:16:21.100Z","msg":"quit event {\"hasEventBeenPrevented\":false,\"windowCount\":0,\"mainWindowExists\":false}"}
