2023-11-02 13:56:02.176 [info] Using settings sync service https://vscode-sync.trafficmanager.net/
2023-11-02 13:56:02.176 [info] Auto Sync is enabled.
2023-11-02 13:56:02.176 [info] Auto Sync: Suspended until auth token is available.
2023-11-02 13:56:02.983 [info] Deleting non existing profile from backup /home/sam/.config/Code/User/sync/extensions
2023-11-02 13:56:03.186 [info] Deleting non existing profile from backup /home/sam/.config/Code/User/sync/globalState
2023-11-02 13:56:03.243 [info] Deleting non existing profile from backup /home/sam/.config/Code/User/sync/keybindings
2023-11-02 13:56:03.268 [info] Deleting non existing profile from backup /home/sam/.config/Code/User/sync/profiles
2023-11-02 13:56:03.269 [info] Deleting non existing profile from backup /home/sam/.config/Code/User/sync/settings
2023-11-02 13:56:03.270 [info] Deleting non existing profile from backup /home/sam/.config/Code/User/sync/snippets
2023-11-02 13:56:03.270 [info] Deleting non existing profile from backup /home/sam/.config/Code/User/sync/tasks
2023-11-02 13:56:03.344 [info] Auto Sync: Triggered by Interval
2023-11-02 13:56:03.344 [info] Sync started.
2023-11-02 13:56:03.713 [info] Settings: Last sync resource does not exist locally.
2023-11-02 13:56:03.895 [info] Settings: No changes found during synchronizing settings.
2023-11-02 13:56:03.931 [info] Keybindings: Last sync resource does not exist locally.
2023-11-02 13:56:04.088 [info] Keybindings: No changes found during synchronizing keybindings.
2023-11-02 13:56:04.090 [info] Snippets: Last sync resource does not exist locally.
2023-11-02 13:56:04.214 [info] Snippets: No changes found during synchronizing snippets.
2023-11-02 13:56:04.217 [info] Tasks: Last sync resource does not exist locally.
2023-11-02 13:56:04.332 [info] Tasks: No changes found during synchronizing tasks.
2023-11-02 13:56:04.334 [info] GlobalState: Last sync resource does not exist locally.
2023-11-02 13:56:04.553 [info] GlobalState: No changes found during synchronizing ui state.
2023-11-02 13:56:04.556 [info] Extensions: Last sync resource does not exist locally.
2023-11-02 13:56:04.733 [info] Extensions: No changes found during synchronizing extensions.
2023-11-02 13:56:04.734 [info] Profiles: Last sync resource does not exist locally.
2023-11-02 13:56:04.782 [info] Profiles: No changes found during synchronizing profiles.
2023-11-02 13:56:04.784 [info] Sync done. Took 1439ms
2023-11-02 13:56:49.466 [info] Auto Sync: Triggered by Activity
2023-11-02 13:56:49.466 [info] Sync started.
2023-11-02 13:56:49.547 [info] Settings: No changes found during synchronizing settings.
2023-11-02 13:56:49.550 [info] Keybindings: No changes found during synchronizing keybindings.
2023-11-02 13:56:49.553 [info] Snippets: No changes found during synchronizing snippets.
2023-11-02 13:56:49.554 [info] Tasks: No changes found during synchronizing tasks.
2023-11-02 13:56:49.558 [info] GlobalState: No changes found during synchronizing ui state.
2023-11-02 13:56:49.632 [info] Extensions: No changes found during synchronizing extensions.
2023-11-02 13:56:49.633 [info] Profiles: No changes found during synchronizing profiles.
2023-11-02 13:56:49.634 [info] Sync done. Took 168ms
2023-11-02 13:57:56.577 [info] Auto Sync: Triggered by Activity
2023-11-02 13:57:56.577 [info] Sync started.
2023-11-02 13:57:56.642 [info] Settings: No changes found during synchronizing settings.
2023-11-02 13:57:56.644 [info] Keybindings: No changes found during synchronizing keybindings.
2023-11-02 13:57:56.646 [info] Snippets: No changes found during synchronizing snippets.
2023-11-02 13:57:56.649 [info] Tasks: No changes found during synchronizing tasks.
2023-11-02 13:57:57.553 [info] GlobalState: Updated remote ui state. Updated: commandPalette.mru.cache,commandPalette.mru.counter.
2023-11-02 13:57:57.563 [info] GlobalState: Updated last synchronized ui state
2023-11-02 13:57:57.660 [info] Extensions: No changes found during synchronizing extensions.
2023-11-02 13:57:57.664 [info] Profiles: No changes found during synchronizing profiles.
2023-11-02 13:57:57.665 [info] Sync done. Took 1088ms
