2023-11-02 13:59:47.596 [info] Using settings sync service https://vscode-sync.trafficmanager.net/
2023-11-02 13:59:47.596 [info] Auto Sync is enabled.
2023-11-02 13:59:47.596 [info] Auto Sync: Suspended until auth token is available.
2023-11-02 13:59:48.287 [info] Deleting non existing profile from backup /home/sam/.config/Code/User/sync/extensions
2023-11-02 13:59:48.459 [info] Deleting non existing profile from backup /home/sam/.config/Code/User/sync/globalState
2023-11-02 13:59:48.525 [info] Auto Sync: Triggered by Interval
2023-11-02 13:59:48.526 [info] Sync started.
2023-11-02 13:59:48.580 [info] Deleting non existing profile from backup /home/sam/.config/Code/User/sync/keybindings
2023-11-02 13:59:48.606 [info] Deleting non existing profile from backup /home/sam/.config/Code/User/sync/profiles
2023-11-02 13:59:48.607 [info] Deleting non existing profile from backup /home/sam/.config/Code/User/sync/settings
2023-11-02 13:59:48.608 [info] Deleting non existing profile from backup /home/sam/.config/Code/User/sync/snippets
2023-11-02 13:59:48.609 [info] Deleting non existing profile from backup /home/sam/.config/Code/User/sync/tasks
2023-11-02 13:59:48.731 [info] Settings: Last sync resource does not exist locally.
2023-11-02 13:59:48.887 [info] Settings: No changes found during synchronizing settings.
2023-11-02 13:59:48.905 [info] Keybindings: Last sync resource does not exist locally.
2023-11-02 13:59:48.996 [info] Keybindings: No changes found during synchronizing keybindings.
2023-11-02 13:59:49.045 [info] Snippets: Last sync resource does not exist locally.
2023-11-02 13:59:49.090 [info] Snippets: No changes found during synchronizing snippets.
2023-11-02 13:59:49.092 [info] Tasks: Last sync resource does not exist locally.
2023-11-02 13:59:49.215 [info] Tasks: No changes found during synchronizing tasks.
2023-11-02 13:59:49.216 [info] GlobalState: Last sync resource does not exist locally.
2023-11-02 13:59:49.348 [info] GlobalState: No changes found during synchronizing ui state.
2023-11-02 13:59:49.352 [info] Extensions: Last sync resource does not exist locally.
2023-11-02 13:59:49.543 [info] Extensions: No changes found during synchronizing extensions.
2023-11-02 13:59:49.545 [info] Profiles: Last sync resource does not exist locally.
2023-11-02 13:59:49.594 [info] Profiles: No changes found during synchronizing profiles.
2023-11-02 13:59:49.597 [info] Sync done. Took 1070ms
2023-11-02 14:01:25.398 [info] Auto Sync: Triggered by Activity
2023-11-02 14:01:25.399 [info] Sync started.
2023-11-02 14:01:25.487 [info] Settings: No changes found during synchronizing settings.
2023-11-02 14:01:25.490 [info] Keybindings: No changes found during synchronizing keybindings.
2023-11-02 14:01:25.493 [info] Snippets: No changes found during synchronizing snippets.
2023-11-02 14:01:25.495 [info] Tasks: No changes found during synchronizing tasks.
2023-11-02 14:01:25.499 [info] GlobalState: No changes found during synchronizing ui state.
2023-11-02 14:01:25.571 [info] Extensions: No changes found during synchronizing extensions.
2023-11-02 14:01:25.571 [info] Profiles: No changes found during synchronizing profiles.
2023-11-02 14:01:25.573 [info] Sync done. Took 175ms
