2023-11-02 13:55:42.773 [info] Using settings sync service https://vscode-sync.trafficmanager.net/
2023-11-02 13:55:42.773 [info] Auto Sync is enabled.
2023-11-02 13:55:42.773 [info] Auto Sync: Suspended until auth token is available.
2023-11-02 13:55:43.484 [info] Deleting non existing profile from backup /home/sam/.config/Code/User/sync/extensions
2023-11-02 13:55:43.670 [info] Deleting non existing profile from backup /home/sam/.config/Code/User/sync/globalState
2023-11-02 13:55:43.706 [info] Deleting non existing profile from backup /home/sam/.config/Code/User/sync/keybindings
2023-11-02 13:55:43.734 [info] Auto Sync: Triggered by Interval
2023-11-02 13:55:43.734 [info] Sync started.
2023-11-02 13:55:43.749 [info] Deleting non existing profile from backup /home/sam/.config/Code/User/sync/profiles
2023-11-02 13:55:43.779 [info] Deleting non existing profile from backup /home/sam/.config/Code/User/sync/settings
2023-11-02 13:55:43.780 [info] Deleting non existing profile from backup /home/sam/.config/Code/User/sync/snippets
2023-11-02 13:55:43.781 [info] Deleting non existing profile from backup /home/sam/.config/Code/User/sync/tasks
2023-11-02 13:55:44.088 [info] Settings: Last sync resource does not exist locally.
2023-11-02 13:55:44.344 [info] Settings: No changes found during synchronizing settings.
2023-11-02 13:55:44.367 [info] Keybindings: Last sync resource does not exist locally.
2023-11-02 13:55:44.468 [info] Keybindings: No changes found during synchronizing keybindings.
2023-11-02 13:55:44.470 [info] Snippets: Last sync resource does not exist locally.
2023-11-02 13:55:44.522 [info] Snippets: No changes found during synchronizing snippets.
2023-11-02 13:55:44.523 [info] Tasks: Last sync resource does not exist locally.
2023-11-02 13:55:44.577 [info] Tasks: No changes found during synchronizing tasks.
2023-11-02 13:55:44.579 [info] GlobalState: Last sync resource does not exist locally.
2023-11-02 13:55:44.689 [info] GlobalState: No changes found during synchronizing ui state.
2023-11-02 13:55:44.691 [info] Extensions: Last sync resource does not exist locally.
2023-11-02 13:55:44.939 [info] Extensions: No changes found during synchronizing extensions.
2023-11-02 13:55:44.950 [info] Profiles: Last sync resource does not exist locally.
2023-11-02 13:55:45.022 [info] Profiles: No changes found during synchronizing profiles.
2023-11-02 13:55:45.024 [info] Sync done. Took 1289ms
