2023-11-02 13:55:23.652 [info] Using settings sync service https://vscode-sync.trafficmanager.net/
2023-11-02 13:55:23.652 [info] Auto Sync is enabled.
2023-11-02 13:55:23.652 [info] Auto Sync: Suspended until auth token is available.
2023-11-02 13:55:24.403 [info] Deleting non existing profile from backup /home/sam/.config/Code/User/sync/extensions
2023-11-02 13:55:24.591 [info] Deleting non existing profile from backup /home/sam/.config/Code/User/sync/globalState
2023-11-02 13:55:24.652 [info] Deleting non existing profile from backup /home/sam/.config/Code/User/sync/keybindings
2023-11-02 13:55:24.684 [info] Deleting non existing profile from backup /home/sam/.config/Code/User/sync/profiles
2023-11-02 13:55:24.686 [info] Deleting non existing profile from backup /home/sam/.config/Code/User/sync/settings
2023-11-02 13:55:24.686 [info] Deleting non existing profile from backup /home/sam/.config/Code/User/sync/snippets
2023-11-02 13:55:24.687 [info] Deleting non existing profile from backup /home/sam/.config/Code/User/sync/tasks
2023-11-02 13:55:24.794 [info] Auto Sync: Triggered by Interval
2023-11-02 13:55:24.794 [info] Sync started.
2023-11-02 13:55:24.999 [info] Settings: Last sync resource does not exist locally.
2023-11-02 13:55:25.323 [info] Settings: No changes found during synchronizing settings.
2023-11-02 13:55:25.352 [info] Keybindings: Last sync resource does not exist locally.
2023-11-02 13:55:25.461 [info] Keybindings: No changes found during synchronizing keybindings.
2023-11-02 13:55:25.463 [info] Snippets: Last sync resource does not exist locally.
2023-11-02 13:55:25.520 [info] Snippets: No changes found during synchronizing snippets.
2023-11-02 13:55:25.522 [info] Tasks: Last sync resource does not exist locally.
2023-11-02 13:55:25.569 [info] Tasks: No changes found during synchronizing tasks.
2023-11-02 13:55:25.571 [info] GlobalState: Last sync resource does not exist locally.
2023-11-02 13:55:26.290 [info] GlobalState: Updated remote ui state. Updated: workbench.panel.pinnedPanels.
2023-11-02 13:55:26.337 [info] GlobalState: Updated last synchronized ui state
2023-11-02 13:55:26.367 [info] Extensions: Last sync resource does not exist locally.
2023-11-02 13:55:26.499 [info] Extensions: No changes found during synchronizing extensions.
2023-11-02 13:55:26.501 [info] Profiles: Last sync resource does not exist locally.
2023-11-02 13:55:26.572 [info] Profiles: No changes found during synchronizing profiles.
2023-11-02 13:55:26.574 [info] Sync done. Took 1780ms
