2023-11-02 13:51:09.101 [info] Log level: Info
2023-11-02 13:51:09.101 [info] Validating found git in: "git"
2023-11-02 13:51:09.101 [info] Using git "2.42.0" from "git"
2023-11-02 13:51:09.101 [info] > git rev-parse --show-toplevel [4ms]
2023-11-02 13:51:09.101 [info] > git rev-parse --git-dir --git-common-dir [6ms]
2023-11-02 13:51:09.101 [info] Open repository: /home/sam/Code/Python/DAT565_labs
2023-11-02 13:51:09.101 [info] > git config --get commit.template [11ms]
2023-11-02 13:51:09.101 [info] > git for-each-ref --format=%(refname)%00%(upstream:short)%00%(objectname)%00%(upstream:track)%00%(upstream:remotename)%00%(upstream:remoteref) refs/heads/main refs/remotes/main [174ms]
2023-11-02 13:51:09.116 [info] > git status -z -uall [153ms]
2023-11-02 13:51:09.260 [info] > git config --get commit.template [61ms]
2023-11-02 13:51:09.374 [info] > git for-each-ref --format=%(refname)%00%(upstream:short)%00%(objectname)%00%(upstream:track)%00%(upstream:remotename)%00%(upstream:remoteref) refs/heads/main refs/remotes/main [41ms]
2023-11-02 13:51:09.417 [info] > git check-ignore -v -z --stdin [57ms]
2023-11-02 13:51:09.419 [info] > git status -z -uall [35ms]
2023-11-02 13:52:23.676 [info] > git config --get commit.template [1ms]
2023-11-02 13:52:23.685 [info] > git for-each-ref --format=%(refname)%00%(upstream:short)%00%(objectname)%00%(upstream:track)%00%(upstream:remotename)%00%(upstream:remoteref) refs/heads/main refs/remotes/main [1ms]
2023-11-02 13:52:23.692 [info] > git status -z -uall [1ms]
2023-11-02 13:52:44.132 [info] > git config --get commit.template [2ms]
2023-11-02 13:52:44.143 [info] > git for-each-ref --format=%(refname)%00%(upstream:short)%00%(objectname)%00%(upstream:track)%00%(upstream:remotename)%00%(upstream:remoteref) refs/heads/main refs/remotes/main [1ms]
2023-11-02 13:52:44.153 [info] > git status -z -uall [1ms]
2023-11-02 13:52:51.822 [info] > git config --get commit.template [1ms]
2023-11-02 13:52:51.829 [info] > git for-each-ref --format=%(refname)%00%(upstream:short)%00%(objectname)%00%(upstream:track)%00%(upstream:remotename)%00%(upstream:remoteref) refs/heads/main refs/remotes/main [1ms]
2023-11-02 13:52:51.836 [info] > git status -z -uall [1ms]
2023-11-02 13:53:01.484 [info] > git config --get commit.template [13ms]
2023-11-02 13:53:01.485 [info] > git for-each-ref --format=%(refname)%00%(upstream:short)%00%(objectname)%00%(upstream:track)%00%(upstream:remotename)%00%(upstream:remoteref) refs/heads/main refs/remotes/main [1ms]
2023-11-02 13:53:01.495 [info] > git status -z -uall [1ms]
2023-11-02 13:53:09.227 [info] > git ls-files --stage -- /home/sam/Code/Python/DAT565_labs/lab1/main.py [2ms]
2023-11-02 13:53:09.236 [info] > git show --textconv :lab1/main.py [22ms]
2023-11-02 13:53:09.237 [info] > git cat-file -s abae7b90931b35184ce3bb059d9967206b4ab85e [1ms]
2023-11-02 13:53:25.485 [info] > git config --get commit.template [1ms]
2023-11-02 13:53:25.498 [info] > git for-each-ref --format=%(refname)%00%(upstream:short)%00%(objectname)%00%(upstream:track)%00%(upstream:remotename)%00%(upstream:remoteref) refs/heads/main refs/remotes/main [0ms]
2023-11-02 13:53:25.510 [info] > git status -z -uall [2ms]
