2023-10-30 11:10:03 Loading main app package /usr/lib/obsidian/obsidian.asar
2023-10-30 11:10:03 Checking for update using Github
2023-10-30 11:10:03 Success.
2023-10-30 11:10:03 Latest version is 1.4.16
2023-10-30 11:10:03 App is up to date.
2023-10-30 11:40:56 Loading main app package /usr/lib/obsidian/obsidian.asar
2023-10-30 11:40:56 Checking for update using Github
2023-10-30 11:40:57 Success.
2023-10-30 11:40:57 Latest version is 1.4.16
2023-10-30 11:40:57 App is up to date.
2023-10-30 12:16:17 Loading main app package /usr/lib/obsidian/obsidian.asar
2023-10-30 12:16:17 Checking for update using Github
2023-10-30 12:16:18 Success.
2023-10-30 12:16:18 Latest version is 1.4.16
2023-10-30 12:16:18 App is up to date.
2023-10-30 13:15:15 Loading main app package /usr/lib/obsidian/obsidian.asar
2023-10-30 13:15:15 Checking for update using Github
2023-10-30 13:15:15 Success.
2023-10-30 13:15:15 Latest version is 1.4.16
2023-10-30 13:15:15 App is up to date.
2023-10-31 09:35:58 Loading main app package /usr/lib/obsidian/obsidian.asar
2023-10-31 09:35:58 Checking for update using Github
2023-10-31 09:35:58 Success.
2023-10-31 09:35:58 Latest version is 1.4.16
2023-10-31 09:35:58 App is up to date.
2023-10-31 10:35:58 Checking for update using Github
2023-10-31 10:35:58 Success.
2023-10-31 10:35:58 Latest version is 1.4.16
2023-10-31 10:35:58 App is up to date.
2023-11-02 09:03:35 Loading main app package /usr/lib/obsidian/obsidian.asar
2023-11-02 09:03:35 Checking for update using Github
2023-11-02 09:03:36 Success.
2023-11-02 09:03:36 Latest version is 1.4.16
2023-11-02 09:03:36 App is up to date.
2023-11-02 10:05:41 Checking for update using Github
2023-11-02 10:05:41 Success.
2023-11-02 10:05:41 Latest version is 1.4.16
2023-11-02 10:05:41 App is up to date.
