2023-11-02 13:58:12.077 [info] Using settings sync service https://vscode-sync.trafficmanager.net/
2023-11-02 13:58:12.077 [info] Auto Sync is enabled.
2023-11-02 13:58:12.077 [info] Auto Sync: Suspended until auth token is available.
2023-11-02 13:58:12.773 [info] Deleting non existing profile from backup /home/sam/.config/Code/User/sync/extensions
2023-11-02 13:58:12.965 [info] Deleting non existing profile from backup /home/sam/.config/Code/User/sync/globalState
2023-11-02 13:58:13.053 [info] Deleting non existing profile from backup /home/sam/.config/Code/User/sync/keybindings
2023-11-02 13:58:13.081 [info] Deleting non existing profile from backup /home/sam/.config/Code/User/sync/profiles
2023-11-02 13:58:13.082 [info] Deleting non existing profile from backup /home/sam/.config/Code/User/sync/settings
2023-11-02 13:58:13.083 [info] Deleting non existing profile from backup /home/sam/.config/Code/User/sync/snippets
2023-11-02 13:58:13.084 [info] Deleting non existing profile from backup /home/sam/.config/Code/User/sync/tasks
2023-11-02 13:58:13.311 [info] Auto Sync: Triggered by Interval
2023-11-02 13:58:13.311 [info] Sync started.
2023-11-02 13:58:13.507 [info] Settings: Last sync resource does not exist locally.
2023-11-02 13:58:14.077 [info] Settings: Updated remote settings
2023-11-02 13:58:14.098 [info] Settings: Updated last synchronized settings
2023-11-02 13:58:14.098 [info] Keybindings: Last sync resource does not exist locally.
2023-11-02 13:58:14.164 [info] Keybindings: No changes found during synchronizing keybindings.
2023-11-02 13:58:14.166 [info] Snippets: Last sync resource does not exist locally.
2023-11-02 13:58:14.215 [info] Snippets: No changes found during synchronizing snippets.
2023-11-02 13:58:14.217 [info] Tasks: Last sync resource does not exist locally.
2023-11-02 13:58:14.266 [info] Tasks: No changes found during synchronizing tasks.
2023-11-02 13:58:14.268 [info] GlobalState: Last sync resource does not exist locally.
2023-11-02 13:58:15.117 [info] GlobalState: Updated remote ui state. Updated: workbench.panel.pinnedPanels.
2023-11-02 13:58:15.140 [info] GlobalState: Updated last synchronized ui state
2023-11-02 13:58:15.141 [info] Extensions: Last sync resource does not exist locally.
2023-11-02 13:58:15.261 [info] Extensions: No changes found during synchronizing extensions.
2023-11-02 13:58:15.262 [info] Profiles: Last sync resource does not exist locally.
2023-11-02 13:58:15.308 [info] Profiles: No changes found during synchronizing profiles.
2023-11-02 13:58:15.310 [info] Sync done. Took 1999ms
2023-11-02 13:58:28.269 [info] Auto Sync: Triggered by Activity
2023-11-02 13:58:28.269 [info] Sync started.
2023-11-02 13:58:28.341 [info] Settings: No changes found during synchronizing settings.
2023-11-02 13:58:28.345 [info] Keybindings: No changes found during synchronizing keybindings.
2023-11-02 13:58:28.348 [info] Snippets: No changes found during synchronizing snippets.
2023-11-02 13:58:28.352 [info] Tasks: No changes found during synchronizing tasks.
2023-11-02 13:58:28.359 [info] GlobalState: No changes found during synchronizing ui state.
2023-11-02 13:58:28.439 [info] Extensions: No changes found during synchronizing extensions.
2023-11-02 13:58:28.440 [info] Profiles: No changes found during synchronizing profiles.
2023-11-02 13:58:28.440 [info] Sync done. Took 173ms
