[10/30/23, 01:05:39:971] info: 
╔══════════════════════════════════════════════════════╗
║      Slack 4.34.121, linux 6.5.9-arch2-1 on x64      ║
╚══════════════════════════════════════════════════════╝ 
[10/30/23, 01:05:39:971] info: Configured logger via 
{
  "enableConsoleTransport": true,
  "identifierOverride": "webapp-auth-console",
  "loggerInstanceCount": 4
}
[10/30/23, 01:05:39:972] info: Predefined values for process 
{
  "NODE_ENV": "production",
  "platform": "linux",
  "type": "browser",
  "timeZone": "Europe/Stockholm",
  "PACKAGE_MANIFEST.productName": "Slack",
  "PACKAGE_MANIFEST.version": "4.34.121",
  "PACKAGE_MANIFEST.commit": "4ba2cf2",
  "PACKAGE_MANIFEST.branch": "HEAD"
}
