2023-11-02 14:23:16.876 [info] Extension host with pid 8849 started
2023-11-02 14:23:16.876 [info] Skipping acquiring lock for /home/sam/.config/Code/User/workspaceStorage/485019ff059ad558456548a381f4dc04.
2023-11-02 14:23:16.933 [info] ExtensionService#_doActivateExtension vscode.git-base, startup: true, activationEvent: '*', root cause: vscode.git
2023-11-02 14:23:16.936 [info] ExtensionService#_doActivateExtension stkb.rewrap, startup: true, activationEvent: '*'
2023-11-02 14:23:17.000 [info] ExtensionService#_doActivateExtension vscode.git, startup: true, activationEvent: '*'
2023-11-02 14:23:17.025 [info] ExtensionService#_doActivateExtension vscode.github, startup: true, activationEvent: '*'
2023-11-02 14:23:17.088 [info] Eager extensions activated
2023-11-02 14:23:17.136 [info] ExtensionService#_doActivateExtension vscode.debug-auto-launch, startup: false, activationEvent: 'onStartupFinished'
2023-11-02 14:23:17.139 [info] ExtensionService#_doActivateExtension vscode.merge-conflict, startup: false, activationEvent: 'onStartupFinished'
2023-11-02 14:23:17.152 [info] ExtensionService#_doActivateExtension aaron-bond.better-comments, startup: false, activationEvent: 'onStartupFinished'
2023-11-02 14:23:17.159 [info] ExtensionService#_doActivateExtension PKief.material-icon-theme, startup: false, activationEvent: 'onStartupFinished'
2023-11-02 14:23:17.166 [info] ExtensionService#_doActivateExtension ritwickdey.LiveServer, startup: false, activationEvent: 'onStartupFinished'
2023-11-02 14:23:17.171 [info] ExtensionService#_doActivateExtension streetsidesoftware.code-spell-checker, startup: false, activationEvent: 'onStartupFinished'
2023-11-02 14:23:17.206 [info] ExtensionService#_doActivateExtension vscodevim.vim, startup: false, activationEvent: 'onStartupFinished'
2023-11-02 14:23:17.270 [info] ExtensionService#_doActivateExtension zhuangtongfa.material-theme, startup: false, activationEvent: 'onStartupFinished'
2023-11-02 14:23:17.385 [info] ExtensionService#_doActivateExtension ms-vsliveshare.vsliveshare, startup: false, activationEvent: 'api', root cause: ritwickdey.LiveServer
2023-11-02 14:23:17.502 [info] ExtensionService#_doActivateExtension vscode.github-authentication, startup: false, activationEvent: 'onAuthenticationRequest:github'
2023-11-02 14:23:17.517 [info] ExtensionService#_doActivateExtension vscode.microsoft-authentication, startup: false, activationEvent: 'onAuthenticationRequest:microsoft'
2023-11-02 14:23:18.136 [info] ExtensionService#_doActivateExtension vscode.json-language-features, startup: false, activationEvent: 'onLanguage:jsonc'
2023-11-02 14:23:18.154 [info] ExtensionService#_doActivateExtension vscode.typescript-language-features, startup: false, activationEvent: 'onLanguage:jsonc'
2023-11-02 14:23:18.182 [info] ExtensionService#_doActivateExtension vscode.emmet, startup: false, activationEvent: 'onLanguage'
2023-11-02 14:23:20.350 [info] Extension host terminating: renderer closed the MessagePort
2023-11-02 14:23:20.409 [info] Extension host with pid 8849 exiting with code 0
