2023-11-02 13:55:44.015 [info] Experiment 'pythonPromptNewFormatterExt' is active
2023-11-02 13:55:44.015 [info] Experiment 'pythonPromptNewToolsExt' is active
2023-11-02 13:55:44.015 [info] Experiment 'pythonSurveyNotification' is active
2023-11-02 13:55:44.015 [info] Experiment 'pythonTestAdaptercf' is active
2023-11-02 13:55:44.015 [info] Default formatter is set to ms-python.autopep8 for workspace /home/sam/Code/Python/DAT565_labs/lab1
2023-11-02 13:55:44.015 [info] Test server listening.
2023-11-02 13:55:44.015 [info] > conda info --json
2023-11-02 13:55:44.015 [info] Python interpreter path: ~/.pyenv/versions/3.11.6/bin/python
2023-11-02 13:55:44.148 [info] Found: /bin/python --> /bin/python3.11
2023-11-02 13:55:44.185 [warning] Retry failed, storage update failed for key PYTHON_WORKSPACE_STORAGE_KEYS
2023-11-02 13:55:44.185 [warning] Retry failed, storage update failed for key PYTHON_WORKSPACE_STORAGE_KEYS
2023-11-02 13:55:44.185 [warning] Retry failed, storage update failed for key PYTHON_WORKSPACE_STORAGE_KEYS
2023-11-02 13:55:44.260 [info] Found: /bin/python3 --> /bin/python3.11
2023-11-02 13:55:44.263 [info] Found: /bin/python3.11 --> /bin/python3.11
2023-11-02 13:55:44.339 [warning] Retry failed, storage update failed for key PYTHON_WORKSPACE_STORAGE_KEYS
2023-11-02 13:55:44.579 [info] > ~/.pyenv/versions/3.11.6/bin/python -I ~/.vscode/extensions/ms-python.python-2023.20.0/pythonFiles/get_output_via_markers.py ~/.vscode/extensions/ms-python.python-2023.20.0/pythonFiles/interpreterInfo.py
2023-11-02 13:55:44.614 [info] Found: /sbin/python --> /sbin/python3.11
2023-11-02 13:55:44.642 [info] Found: /sbin/python3 --> /sbin/python3.11
2023-11-02 13:55:44.646 [info] Found: /sbin/python3.11 --> /sbin/python3.11
2023-11-02 13:55:44.738 [info] Found: /usr/bin/python --> /usr/bin/python3.11
2023-11-02 13:55:44.739 [info] Found: /usr/bin/python3 --> /usr/bin/python3.11
2023-11-02 13:55:44.740 [info] Found: /usr/bin/python3.11 --> /usr/bin/python3.11
2023-11-02 13:55:44.780 [info] Found: /usr/sbin/python --> /usr/sbin/python3.11
2023-11-02 13:55:44.780 [info] Found: /usr/sbin/python3 --> /usr/sbin/python3.11
2023-11-02 13:55:44.780 [info] Found: /usr/sbin/python3.11 --> /usr/sbin/python3.11
2023-11-02 13:55:44.807 [info] > /bin/python -I ~/.vscode/extensions/ms-python.python-2023.20.0/pythonFiles/get_output_via_markers.py ~/.vscode/extensions/ms-python.python-2023.20.0/pythonFiles/interpreterInfo.py
2023-11-02 13:55:44.841 [info] > /sbin/python -I ~/.vscode/extensions/ms-python.python-2023.20.0/pythonFiles/get_output_via_markers.py ~/.vscode/extensions/ms-python.python-2023.20.0/pythonFiles/interpreterInfo.py
2023-11-02 13:55:44.890 [info] > /usr/bin/python -I ~/.vscode/extensions/ms-python.python-2023.20.0/pythonFiles/get_output_via_markers.py ~/.vscode/extensions/ms-python.python-2023.20.0/pythonFiles/interpreterInfo.py
2023-11-02 13:55:44.955 [info] > /usr/sbin/python -I ~/.vscode/extensions/ms-python.python-2023.20.0/pythonFiles/get_output_via_markers.py ~/.vscode/extensions/ms-python.python-2023.20.0/pythonFiles/interpreterInfo.py
2023-11-02 13:55:45.680 [info] Starting Pylance language server.
